#
# A fatal error has been detected by the Java Runtime Environment:
#
#  SIGSEGV (0xb) at pc=0x00007fff2033f81d, pid=5715, tid=259
#
# JRE version: Java(TM) SE Runtime Environment (20.0+36) (build 20+36-2344)
# Java VM: Java HotSpot(TM) 64-Bit Server VM (20+36-2344, mixed mode, sharing, tiered, compressed oops, compressed class ptrs, g1 gc, bsd-amd64)
# Problematic frame:
# C  [libobjc.A.dylib+0x681d]  objc_msgSend+0x1d
#
# No core dump will be written. Core dumps have been disabled. To enable core dumping, try "ulimit -c unlimited" before starting Java again
#
# If you would like to submit a bug report, please visit:
#   https://bugreport.java.com/bugreport/crash.jsp
# The crash happened outside the Java Virtual Machine in native code.
# See problematic frame for where to report the bug.
#

---------------  S U M M A R Y ------------

Command Line: -Dfile.encoding=UTF-8 --module-path=/Users/lorenzogallizioli/Documents/git/Group_12/bin -XX:+ShowCodeDetailsInExceptionMessages -Djdk.module.main=MyShelfie MyShelfie/Game.Main

Host: "MacBookPro11,2" x86_64 2000 MHz, 8 cores, 8G, Darwin 20.6.0, macOS 11.7.6 (20G1231)
Time: Sun Jun  4 13:11:07 2023 CEST elapsed time: 3.156788 seconds (0d 0h 0m 3s)

---------------  T H R E A D  ---------------

Current thread (0x00007fa67411a000):  JavaThread "AppKit Thread" daemon [_thread_in_native, id=259, stack(0x00007ffeebd94000,0x00007ffeec594000)]

Stack: [0x00007ffeebd94000,0x00007ffeec594000],  sp=0x00007ffeec58e088,  free space=8168k
Native frames: (J=compiled Java code, j=interpreted, Vv=VM code, C=native code)
C  [libobjc.A.dylib+0x681d]  objc_msgSend+0x1d
j  sun.java2d.metal.MTLLayer.blitTexture(J)V+0 java.desktop@20
j  sun.java2d.metal.MTLLayer.lambda$drawInMTLContext$4(J)V+1 java.desktop@20
j  sun.java2d.metal.MTLLayer$$Lambda$149+0x00000008010ffbe8.run(J)V+1 java.desktop@20
j  sun.lwawt.macosx.CFRetainedResource.execute(Lsun/lwawt/macosx/CFRetainedResource$CFNativeAction;)V+23 java.desktop@20
j  sun.java2d.metal.MTLLayer.drawInMTLContext()V+14 java.desktop@20
v  ~StubRoutines::call_stub 0x000000011cb67cc6
V  [libjvm.dylib+0x593391]  _ZN9JavaCalls11call_helperEP9JavaValueRK12methodHandleP17JavaCallArgumentsP10JavaThread+0x2a1
V  [libjvm.dylib+0x5f637b]  _ZL20jni_invoke_nonstaticP7JNIEnv_P9JavaValueP8_jobject11JNICallTypeP10_jmethodIDP18JNI_ArgumentPusherP10JavaThread+0x2eb
V  [libjvm.dylib+0x5fb11b]  jni_CallVoidMethod+0x18b
C  [libawt_lwawt.dylib+0x76fd6]  -[MTLLayer blitCallback]+0x296
C  [libawt_lwawt.dylib+0x7710f]  -[MTLLayer display]+0x5f
C  [QuartzCore+0x216f3]  _ZN2CA5Layer17display_if_neededEPNS_11TransactionE+0x35f
C  [QuartzCore+0x16cbee]  _ZN2CA7Context18commit_transactionEPNS_11TransactionEdPd+0x29a
C  [QuartzCore+0x2b6f]  _ZN2CA11Transaction6commitEv+0x2c9
C  [AppKit+0x1c31ac]  __62+[CATransaction(NSCATransaction) NS_setFlushesWithDisplayLink]_block_invoke+0x11d
C  [AppKit+0x918e22]  ___NSRunLoopObserverCreateWithHandler_block_invoke+0x29
C  [CoreFoundation+0x80091]  __CFRUNLOOP_IS_CALLING_OUT_TO_AN_OBSERVER_CALLBACK_FUNCTION__+0x17
C  [CoreFoundation+0x7ff25]  __CFRunLoopDoObservers+0x21f
C  [CoreFoundation+0x7f3b8]  __CFRunLoopRun+0x349
C  [CoreFoundation+0x7e9ac]  CFRunLoopRunSpecific+0x233
C  [HIToolbox+0x311f3]  RunCurrentEventLoopInMode+0x124
C  [HIToolbox+0x30f55]  ReceiveNextEventCommon+0x24b
C  [HIToolbox+0x30cf3]  _BlockUntilNextEventMatchingListInModeWithFilter+0x46
C  [AppKit+0x3ead2]  _DPSNextEvent+0x360
C  [AppKit+0x3d2a5]  -[NSApplication(NSEvent) _nextEventMatchingEventMask:untilDate:inMode:dequeue:]+0x554
C  [libosxapp.dylib+0x45aa]  -[NSApplicationAWT nextEventMatchingMask:untilDate:inMode:dequeue:]+0x7a
C  [AppKit+0x2f5c9]  -[NSApplication run]+0x24a
C  [libosxapp.dylib+0x4379]  +[NSApplicationAWT runAWTLoopWithApp:]+0xa9
C  [libawt_lwawt.dylib+0x6f1a0]  +[AWTStarter starter:headless:]+0x1f0
C  [libosxapp.dylib+0x604f]  +[ThreadUtilities invokeBlockCopy:]+0xf
C  [Foundation+0x80bc1]  __NSThreadPerformPerform+0xcc
C  [CoreFoundation+0x80cdc]  __CFRUNLOOP_IS_CALLING_OUT_TO_A_SOURCE0_PERFORM_FUNCTION__+0x11
C  [CoreFoundation+0x80c44]  __CFRunLoopDoSource0+0xb4
C  [CoreFoundation+0x809c4]  __CFRunLoopDoSources0+0xf2
C  [CoreFoundation+0x7f3ec]  __CFRunLoopRun+0x37d
C  [CoreFoundation+0x7e9ac]  CFRunLoopRunSpecific+0x233
C  [libjli.dylib+0x6f02]  CreateExecutionEnvironment+0x182
C  [libjli.dylib+0x2c7c]  JLI_Launch+0x59c
C  [java+0x3c17]  main+0x187
C  [libdyld.dylib+0x15f3d]  start+0x1
Java frames: (J=compiled Java code, j=interpreted, Vv=VM code)
j  sun.java2d.metal.MTLLayer.blitTexture(J)V+0 java.desktop@20
j  sun.java2d.metal.MTLLayer.lambda$drawInMTLContext$4(J)V+1 java.desktop@20
j  sun.java2d.metal.MTLLayer$$Lambda$149+0x00000008010ffbe8.run(J)V+1 java.desktop@20
j  sun.lwawt.macosx.CFRetainedResource.execute(Lsun/lwawt/macosx/CFRetainedResource$CFNativeAction;)V+23 java.desktop@20
j  sun.java2d.metal.MTLLayer.drawInMTLContext()V+14 java.desktop@20
v  ~StubRoutines::call_stub 0x000000011cb67cc6

siginfo: si_signo: 11 (SIGSEGV), si_code: 1 (SEGV_MAPERR), si_addr: 0x0000000000000018

Registers:
RAX=0x00007fa6730eac00, RBX=0x00007fa67207ebf0, RCX=0x00007fa6748090b8, RDX=0x0000000000000000
RSP=0x00007ffeec58e088, RBP=0x00007ffeec58e170, RSI=0x00007fff7b799fae, RDI=0x00007fa6730eac00
R8 =0x00007fa674809038, R9 =0xfffeffffffffffff, R10=0x0000000000000000, R11=0x00007fff7b799fae
R12=0x00007fff7b7e7816, R13=0x0000000126d91e68, R14=0x00007fff2033f800, R15=0x00007fff7b79aa86
RIP=0x00007fff2033f81d, EFLAGS=0x0000000000010246, ERR=0x0000000000000004
  TRAPNO=0x000000000000000e


Register to memory mapping:

RAX=0x00007fa6730eac00 points into unknown readable memory: 0x0000000000000000 | 00 00 00 00 00 00 00 00
RBX=0x00007fa67207ebf0 points into unknown readable memory: 0x011d80010b9dd7b1 | b1 d7 9d 0b 01 80 1d 01
RCX=0x00007fa6748090b8 points into unknown readable memory: 0xa3a3a3a3a3a3a3a3 | a3 a3 a3 a3 a3 a3 a3 a3
RDX=0x0 is NULL
RSP=0x00007ffeec58e088 is pointing into the stack for thread: 0x00007fa67411a000
RBP=0x00007ffeec58e170 is pointing into the stack for thread: 0x00007fa67411a000
RSI=0x00007fff7b799fae: GCC_except_table772+0x5b42b69e in /usr/lib/libobjc.A.dylib at 0x00007fff20339000
RDI=0x00007fa6730eac00 points into unknown readable memory: 0x0000000000000000 | 00 00 00 00 00 00 00 00
R8 =0x00007fa674809038 points into unknown readable memory: 0x0000000000000000 | 00 00 00 00 00 00 00 00
R9 =0xfffeffffffffffff is an unknown value
R10=0x0 is NULL
R11=0x00007fff7b799fae: GCC_except_table772+0x5b42b69e in /usr/lib/libobjc.A.dylib at 0x00007fff20339000
R12=0x00007fff7b7e7816: GCC_except_table772+0x5b478f06 in /usr/lib/libobjc.A.dylib at 0x00007fff20339000
R13={method} {0x0000000126d91e68} 'blitTexture' '(J)V' in 'sun/java2d/metal/MTLLayer'
R14=0x00007fff2033f800: objc_msgSend+0 in /usr/lib/libobjc.A.dylib at 0x00007fff20339000
R15=0x00007fff7b79aa86: GCC_except_table772+0x5b42c176 in /usr/lib/libobjc.A.dylib at 0x00007fff20339000


Top of Stack: (sp=0x00007ffeec58e088)
0x00007ffeec58e088:   000000010b978882 00007ffeec58e200
0x00007ffeec58e098:   00007fa67411a000 00007ffeec58e170
0x00007ffeec58e0a8:   00007fff2034039b 000000010b9dd7b0
0x00007ffeec58e0b8:   00007fa672000000 0000000000000000
0x00007ffeec58e0c8:   000000010b9da158 00007fa67207ebf0
0x00007ffeec58e0d8:   000000010b9add4c 00007fa67207ebf0
0x00007ffeec58e0e8:   00007fff2033f800 00007fa67143eec0
0x00007ffeec58e0f8:   00007fa67143f298 757478655474696c
0x00007ffeec58e108:   00000000a9006572 0000000a0000000a
0x00007ffeec58e118:   0000000a0000000a 0000000500000005
0x00007ffeec58e128:   0000000500000005 00007fa6748090b0
0x00007ffeec58e138:   0000000100000001 0000000100000001
0x00007ffeec58e148:   0000000126d91e68 0000000000000000
0x00007ffeec58e158:   0000000126d91e68 00007ffeec58e200
0x00007ffeec58e168:   00007fa67411a000 00007ffeec58e1d8
0x00007ffeec58e178:   000000011cb88728 0000000126d91e68
0x00007ffeec58e188:   000000011cb883d6 00007ffeec58e190
0x00007ffeec58e198:   0000000126d91e68 00007ffeec58e200
0x00007ffeec58e1a8:   0000000126d93610 0000000000000000
0x00007ffeec58e1b8:   0000000787a244c8 0000000126d91e68
0x00007ffeec58e1c8:   0000000000000000 00007ffeec58e1f8
0x00007ffeec58e1d8:   00007ffeec58e250 000000011cb8458d
0x00007ffeec58e1e8:   0000000787a244c8 000000011cb86077
0x00007ffeec58e1f8:   00007fa67207ebf0 0000000000000000
0x00007ffeec58e208:   00007ffeec58e208 0000000126d925e9
0x00007ffeec58e218:   00007ffeec58e268 0000000126d93610
0x00007ffeec58e228:   0000000000000000 0000000787a244c8
0x00007ffeec58e238:   0000000126d92600 00007ffeec58e1f8
0x00007ffeec58e248:   00007ffeec58e260 00007ffeec58e2b8
0x00007ffeec58e258:   000000011cb8458d 00007fa67207ebf0
0x00007ffeec58e268:   0000000000000000 00007ffeec58e270
0x00007ffeec58e278:   0000000126ced1c1 00007ffeec58e2d8 

Instructions: (pc=0x00007fff2033f81d)
0x00007fff2033f71d:   48 8b 05 4c 13 43 60 ff e0 90 90 90 90 90 90 90
0x00007fff2033f72d:   90 90 90 90 90 90 90 90 90 90 90 90 90 90 90 90
0x00007fff2033f73d:   90 90 90 31 c0 31 d2 0f 57 c0 0f 57 c9 c3 90 d9
0x00007fff2033f74d:   ee 31 c0 31 d2 0f 57 c0 0f 57 c9 c3 0f 1f 00 d9
0x00007fff2033f75d:   ee d9 ee 31 c0 31 d2 0f 57 c0 0f 57 c9 c3 90 48
0x00007fff2033f76d:   89 f8 c3 49 89 fa 49 89 f3 45 23 5a 18 49 c1 e3
0x00007fff2033f77d:   04 4d 03 5a 10 49 3b 33 75 0e 49 8b 43 08 48 83
0x00007fff2033f78d:   f8 00 74 03 4c 31 d0 c3 49 83 3b 01 76 17 49 83
0x00007fff2033f79d:   c3 10 49 3b 33 75 f1 49 8b 43 08 48 83 f8 00 74
0x00007fff2033f7ad:   03 4c 31 d0 c3 72 25 4d 8b 5b 08 eb 0a 49 83 3b
0x00007fff2033f7bd:   01 76 17 49 83 c3 10 49 3b 33 75 f1 49 8b 43 08
0x00007fff2033f7cd:   48 83 f8 00 74 03 4c 31 d0 c3 eb 00 31 c0 c3 66
0x00007fff2033f7dd:   66 66 66 66 66 2e 0f 1f 84 00 00 00 00 00 66 66
0x00007fff2033f7ed:   66 66 66 66 2e 0f 1f 84 00 00 00 00 00 66 0f 1f
0x00007fff2033f7fd:   44 00 00 48 85 ff 2e 74 72 40 f6 c7 01 2e 75 76
0x00007fff2033f80d:   49 ba f8 ff ff ff ff 7f 00 00 4c 23 17 49 89 f3
0x00007fff2033f81d:   45 23 5a 18 49 c1 e3 04 4d 03 5a 10 49 3b 33 75
0x00007fff2033f82d:   0a 4d 8b 5b 08 4d 31 d3 41 ff e3 49 83 3b 01 76
0x00007fff2033f83d:   13 49 83 c3 10 49 3b 33 75 f1 4d 8b 5b 08 4d 31
0x00007fff2033f84d:   d3 41 ff e3 72 70 4d 8b 5b 08 eb 0a 49 83 3b 01
0x00007fff2033f85d:   76 13 49 83 c3 10 49 3b 33 75 f1 4d 8b 5b 08 4d
0x00007fff2033f86d:   31 d3 41 ff e3 eb 4f 0f 1f 40 00 31 c0 31 d2 0f
0x00007fff2033f87d:   57 c0 0f 57 c9 c3 41 89 fb 41 83 e3 0f 4c 8d 15
0x00007fff2033f88d:   af 08 43 60 4f 8b 14 da 4c 8d 1d 7c 07 43 60 4d
0x00007fff2033f89d:   39 d3 0f 85 75 ff ff ff 41 89 fb 41 c1 eb 04 41
0x00007fff2033f8ad:   81 e3 ff 00 00 00 4c 8d 15 06 09 43 60 4f 8b 14
0x00007fff2033f8bd:   da e9 57 ff ff ff e9 88 0a 00 00 66 66 66 66 66
0x00007fff2033f8cd:   66 2e 0f 1f 84 00 00 00 00 00 66 66 66 66 66 66
0x00007fff2033f8dd:   2e 0f 1f 84 00 00 00 00 00 66 66 66 66 66 66 2e
0x00007fff2033f8ed:   0f 1f 84 00 00 00 00 00 66 66 2e 0f 1f 84 00 00
0x00007fff2033f8fd:   00 00 00 48 85 ff 2e 74 6a 40 f6 c7 01 2e 75 6b
0x00007fff2033f90d:   49 ba f8 ff ff ff ff 7f 00 00 4c 23 17 49 89 f3 


Stack slot to memory mapping:
stack at sp + 0 slots: 0x000000010b978882: -[MTLLayer blitTexture]+0xc2 in /Library/Java/JavaVirtualMachines/jdk-20.jdk/Contents/Home/lib/libawt_lwawt.dylib at 0x000000010b902000
stack at sp + 1 slots: 0x00007ffeec58e200 is pointing into the stack for thread: 0x00007fa67411a000
stack at sp + 2 slots: 0x00007fa67411a000 is a thread
stack at sp + 3 slots: 0x00007ffeec58e170 is pointing into the stack for thread: 0x00007fa67411a000
stack at sp + 4 slots: 0x00007fff2034039b: _objc_msgSend_uncached+0x4b in /usr/lib/libobjc.A.dylib at 0x00007fff20339000
stack at sp + 5 slots: 0x000000010b9dd7b0: OBJC_CLASS_$_MTLLayer+0 in /Library/Java/JavaVirtualMachines/jdk-20.jdk/Contents/Home/lib/libawt_lwawt.dylib at 0x000000010b902000
stack at sp + 6 slots: 0x00007fa672000000 points into unknown readable memory: 0x0000000000000000 | 00 00 00 00 00 00 00 00
stack at sp + 7 slots: 0x0 is NULL


---------------  P R O C E S S  ---------------

Threads class SMR info:
_java_thread_list=0x00007fa67167e140, length=16, elements={
0x00007fa673044e00, 0x00007fa67300e600, 0x00007fa675827400, 0x00007fa67582a200,
0x00007fa671813000, 0x00007fa671813600, 0x00007fa671816200, 0x00007fa672812400,
0x00007fa674072e00, 0x00007fa67411a000, 0x00007fa675826c00, 0x00007fa6730c6400,
0x00007fa67415a600, 0x00007fa67413ec00, 0x00007fa67380c400, 0x00007fa67503b000
}

Java Threads: ( => current thread )
  0x00007fa673044e00 JavaThread "Reference Handler" daemon [_thread_blocked, id=22019, stack(0x000070000d72f000,0x000070000d82f000)]
  0x00007fa67300e600 JavaThread "Finalizer" daemon [_thread_blocked, id=43011, stack(0x000070000d832000,0x000070000d932000)]
  0x00007fa675827400 JavaThread "Signal Dispatcher" daemon [_thread_blocked, id=22787, stack(0x000070000d935000,0x000070000da35000)]
  0x00007fa67582a200 JavaThread "Service Thread" daemon [_thread_blocked, id=42755, stack(0x000070000da38000,0x000070000db38000)]
  0x00007fa671813000 JavaThread "Monitor Deflation Thread" daemon [_thread_blocked, id=42243, stack(0x000070000db3b000,0x000070000dc3b000)]
  0x00007fa671813600 JavaThread "C2 CompilerThread0" daemon [_thread_blocked, id=41731, stack(0x000070000dc3e000,0x000070000dd3e000)]
  0x00007fa671816200 JavaThread "C1 CompilerThread0" daemon [_thread_blocked, id=23555, stack(0x000070000dd41000,0x000070000de41000)]
  0x00007fa672812400 JavaThread "Common-Cleaner" daemon [_thread_blocked, id=24067, stack(0x000070000de44000,0x000070000df44000)]
  0x00007fa674072e00 JavaThread "Notification Thread" daemon [_thread_blocked, id=24579, stack(0x000070000df47000,0x000070000e047000)]
=>0x00007fa67411a000 JavaThread "AppKit Thread" daemon [_thread_in_native, id=259, stack(0x00007ffeebd94000,0x00007ffeec594000)]
  0x00007fa675826c00 JavaThread "AWT-Shutdown" [_thread_blocked, id=30747, stack(0x000070000e14d000,0x000070000e24d000)]
  0x00007fa6730c6400 JavaThread "AWT-EventQueue-0" [_thread_in_native, id=79883, stack(0x000070000e5e5000,0x000070000e6e5000)]
  0x00007fa67415a600 JavaThread "DestroyJavaVM" [_thread_blocked, id=6147, stack(0x000070000cf14000,0x000070000d014000)]
  0x00007fa67413ec00 JavaThread "Java2D Queue Flusher" daemon [_thread_blocked, id=77319, stack(0x000070000e6e8000,0x000070000e7e8000)]
  0x00007fa67380c400 JavaThread "Java2D Disposer" daemon [_thread_blocked, id=55299, stack(0x000070000e7eb000,0x000070000e8eb000)]
  0x00007fa67503b000 JavaThread "Image Fetcher 0" daemon [_thread_blocked, id=73743, stack(0x000070000e8ee000,0x000070000e9ee000)]

Other Threads:
  0x00007fa67150fd20 VMThread "VM Thread" [stack: 0x000070000d526000,0x000070000d626000] [id=15363]
  0x00007fa671526a10 WatcherThread "VM Periodic Task Thread" [stack: 0x000070000e04a000,0x000070000e14a000] [id=41219]
  0x00007fa6721093a0 WorkerThread "GC Thread#0" [stack: 0x000070000d017000,0x000070000d117000] [id=20227]
  0x00007fa671506b90 ConcurrentGCThread "G1 Main Marker" [stack: 0x000070000d11a000,0x000070000d21a000] [id=19971]
  0x00007fa671507760 WorkerThread "G1 Conc#0" [stack: 0x000070000d21d000,0x000070000d31d000] [id=13059]
  0x00007fa671608620 ConcurrentGCThread "G1 Refine#0" [stack: 0x000070000d320000,0x000070000d420000] [id=13315]
  0x00007fa6716091a0 ConcurrentGCThread "G1 Service" [stack: 0x000070000d423000,0x000070000d523000] [id=13571]

Threads with active compile tasks:

VM state: not at safepoint (normal execution)

VM Mutex/Monitor currently owned by a thread: None

Heap address: 0x0000000780000000, size: 2048 MB, Compressed Oops mode: Zero based, Oop shift amount: 3

CDS archive(s) mapped at: [0x0000000800000000-0x0000000800c68000-0x0000000800c68000), size 13008896, SharedBaseAddress: 0x0000000800000000, ArchiveRelocationMode: 0.
Compressed class space mapped at: 0x0000000801000000-0x0000000841000000, reserved size: 1073741824
Narrow klass base: 0x0000000800000000, Narrow klass shift: 0, Narrow klass range: 0x100000000

GC Precious Log:
 CardTable entry size: 512
 Card Set container configuration: InlinePtr #cards 5 size 8 Array Of Cards #cards 12 size 40 Howl #buckets 4 coarsen threshold 1843 Howl Bitmap #cards 512 size 80 coarsen threshold 460 Card regions per heap region 1 cards per card region 2048
 CPUs: 8 total, 8 available
 Memory: 8192M
 Large Page Support: Disabled
 NUMA Support: Disabled
 Compressed Oops: Enabled (Zero based)
 Heap Region Size: 1M
 Heap Min Capacity: 8M
 Heap Initial Capacity: 128M
 Heap Max Capacity: 2G
 Pre-touch: Disabled
 Parallel Workers: 8
 Concurrent Workers: 2
 Concurrent Refinement Workers: 8
 Periodic GC: Disabled

Heap:
 garbage-first heap   total 133120K, used 38876K [0x0000000780000000, 0x0000000800000000)
  region size 1024K, 22 young (22528K), 0 survivors (0K)
 Metaspace       used 6519K, committed 6784K, reserved 1114112K
  class space    used 776K, committed 896K, reserved 1048576K

Heap Regions: E=young(eden), S=young(survivor), O=old, HS=humongous(starts), HC=humongous(continues), CS=collection set, F=free, OA=open archive, CA=closed archive, TAMS=top-at-mark-start, PB=parsable bottom
|   0|0x0000000780000000, 0x0000000780100000, 0x0000000780100000|100%|HS|  |TAMS 0x0000000780000000| PB 0x0000000780000000| Complete 
|   1|0x0000000780100000, 0x0000000780200000, 0x0000000780200000|100%|HC|  |TAMS 0x0000000780100000| PB 0x0000000780100000| Complete 
|   2|0x0000000780200000, 0x0000000780300000, 0x0000000780300000|100%|HC|  |TAMS 0x0000000780200000| PB 0x0000000780200000| Complete 
|   3|0x0000000780300000, 0x0000000780400000, 0x0000000780400000|100%|HC|  |TAMS 0x0000000780300000| PB 0x0000000780300000| Complete 
|   4|0x0000000780400000, 0x0000000780500000, 0x0000000780500000|100%|HC|  |TAMS 0x0000000780400000| PB 0x0000000780400000| Complete 
|   5|0x0000000780500000, 0x0000000780600000, 0x0000000780600000|100%|HC|  |TAMS 0x0000000780500000| PB 0x0000000780500000| Complete 
|   6|0x0000000780600000, 0x0000000780700000, 0x0000000780700000|100%|HC|  |TAMS 0x0000000780600000| PB 0x0000000780600000| Complete 
|   7|0x0000000780700000, 0x0000000780800000, 0x0000000780800000|100%|HC|  |TAMS 0x0000000780700000| PB 0x0000000780700000| Complete 
|   8|0x0000000780800000, 0x0000000780900000, 0x0000000780900000|100%|HC|  |TAMS 0x0000000780800000| PB 0x0000000780800000| Complete 
|   9|0x0000000780900000, 0x0000000780a00000, 0x0000000780a00000|100%|HC|  |TAMS 0x0000000780900000| PB 0x0000000780900000| Complete 
|  10|0x0000000780a00000, 0x0000000780b00000, 0x0000000780b00000|100%|HC|  |TAMS 0x0000000780a00000| PB 0x0000000780a00000| Complete 
|  11|0x0000000780b00000, 0x0000000780c00000, 0x0000000780c00000|100%|HC|  |TAMS 0x0000000780b00000| PB 0x0000000780b00000| Complete 
|  12|0x0000000780c00000, 0x0000000780d00000, 0x0000000780d00000|100%|HC|  |TAMS 0x0000000780c00000| PB 0x0000000780c00000| Complete 
|  13|0x0000000780d00000, 0x0000000780e00000, 0x0000000780e00000|100%|HC|  |TAMS 0x0000000780d00000| PB 0x0000000780d00000| Complete 
|  14|0x0000000780e00000, 0x0000000780f00000, 0x0000000780f00000|100%|HC|  |TAMS 0x0000000780e00000| PB 0x0000000780e00000| Complete 
|  15|0x0000000780f00000, 0x0000000781000000, 0x0000000781000000|100%|HC|  |TAMS 0x0000000780f00000| PB 0x0000000780f00000| Complete 
|  16|0x0000000781000000, 0x0000000781000000, 0x0000000781100000|  0%| F|  |TAMS 0x0000000781000000| PB 0x0000000781000000| Untracked 
|  17|0x0000000781100000, 0x0000000781100000, 0x0000000781200000|  0%| F|  |TAMS 0x0000000781100000| PB 0x0000000781100000| Untracked 
|  18|0x0000000781200000, 0x0000000781200000, 0x0000000781300000|  0%| F|  |TAMS 0x0000000781200000| PB 0x0000000781200000| Untracked 
|  19|0x0000000781300000, 0x0000000781300000, 0x0000000781400000|  0%| F|  |TAMS 0x0000000781300000| PB 0x0000000781300000| Untracked 
|  20|0x0000000781400000, 0x0000000781400000, 0x0000000781500000|  0%| F|  |TAMS 0x0000000781400000| PB 0x0000000781400000| Untracked 
|  21|0x0000000781500000, 0x0000000781500000, 0x0000000781600000|  0%| F|  |TAMS 0x0000000781500000| PB 0x0000000781500000| Untracked 
|  22|0x0000000781600000, 0x0000000781600000, 0x0000000781700000|  0%| F|  |TAMS 0x0000000781600000| PB 0x0000000781600000| Untracked 
|  23|0x0000000781700000, 0x0000000781700000, 0x0000000781800000|  0%| F|  |TAMS 0x0000000781700000| PB 0x0000000781700000| Untracked 
|  24|0x0000000781800000, 0x0000000781800000, 0x0000000781900000|  0%| F|  |TAMS 0x0000000781800000| PB 0x0000000781800000| Untracked 
|  25|0x0000000781900000, 0x0000000781900000, 0x0000000781a00000|  0%| F|  |TAMS 0x0000000781900000| PB 0x0000000781900000| Untracked 
|  26|0x0000000781a00000, 0x0000000781a00000, 0x0000000781b00000|  0%| F|  |TAMS 0x0000000781a00000| PB 0x0000000781a00000| Untracked 
|  27|0x0000000781b00000, 0x0000000781b00000, 0x0000000781c00000|  0%| F|  |TAMS 0x0000000781b00000| PB 0x0000000781b00000| Untracked 
|  28|0x0000000781c00000, 0x0000000781c00000, 0x0000000781d00000|  0%| F|  |TAMS 0x0000000781c00000| PB 0x0000000781c00000| Untracked 
|  29|0x0000000781d00000, 0x0000000781d00000, 0x0000000781e00000|  0%| F|  |TAMS 0x0000000781d00000| PB 0x0000000781d00000| Untracked 
|  30|0x0000000781e00000, 0x0000000781e00000, 0x0000000781f00000|  0%| F|  |TAMS 0x0000000781e00000| PB 0x0000000781e00000| Untracked 
|  31|0x0000000781f00000, 0x0000000781f00000, 0x0000000782000000|  0%| F|  |TAMS 0x0000000781f00000| PB 0x0000000781f00000| Untracked 
|  32|0x0000000782000000, 0x0000000782000000, 0x0000000782100000|  0%| F|  |TAMS 0x0000000782000000| PB 0x0000000782000000| Untracked 
|  33|0x0000000782100000, 0x0000000782100000, 0x0000000782200000|  0%| F|  |TAMS 0x0000000782100000| PB 0x0000000782100000| Untracked 
|  34|0x0000000782200000, 0x0000000782200000, 0x0000000782300000|  0%| F|  |TAMS 0x0000000782200000| PB 0x0000000782200000| Untracked 
|  35|0x0000000782300000, 0x0000000782300000, 0x0000000782400000|  0%| F|  |TAMS 0x0000000782300000| PB 0x0000000782300000| Untracked 
|  36|0x0000000782400000, 0x0000000782400000, 0x0000000782500000|  0%| F|  |TAMS 0x0000000782400000| PB 0x0000000782400000| Untracked 
|  37|0x0000000782500000, 0x0000000782500000, 0x0000000782600000|  0%| F|  |TAMS 0x0000000782500000| PB 0x0000000782500000| Untracked 
|  38|0x0000000782600000, 0x0000000782600000, 0x0000000782700000|  0%| F|  |TAMS 0x0000000782600000| PB 0x0000000782600000| Untracked 
|  39|0x0000000782700000, 0x0000000782700000, 0x0000000782800000|  0%| F|  |TAMS 0x0000000782700000| PB 0x0000000782700000| Untracked 
|  40|0x0000000782800000, 0x0000000782800000, 0x0000000782900000|  0%| F|  |TAMS 0x0000000782800000| PB 0x0000000782800000| Untracked 
|  41|0x0000000782900000, 0x0000000782900000, 0x0000000782a00000|  0%| F|  |TAMS 0x0000000782900000| PB 0x0000000782900000| Untracked 
|  42|0x0000000782a00000, 0x0000000782a00000, 0x0000000782b00000|  0%| F|  |TAMS 0x0000000782a00000| PB 0x0000000782a00000| Untracked 
|  43|0x0000000782b00000, 0x0000000782b00000, 0x0000000782c00000|  0%| F|  |TAMS 0x0000000782b00000| PB 0x0000000782b00000| Untracked 
|  44|0x0000000782c00000, 0x0000000782c00000, 0x0000000782d00000|  0%| F|  |TAMS 0x0000000782c00000| PB 0x0000000782c00000| Untracked 
|  45|0x0000000782d00000, 0x0000000782d00000, 0x0000000782e00000|  0%| F|  |TAMS 0x0000000782d00000| PB 0x0000000782d00000| Untracked 
|  46|0x0000000782e00000, 0x0000000782e00000, 0x0000000782f00000|  0%| F|  |TAMS 0x0000000782e00000| PB 0x0000000782e00000| Untracked 
|  47|0x0000000782f00000, 0x0000000782f00000, 0x0000000783000000|  0%| F|  |TAMS 0x0000000782f00000| PB 0x0000000782f00000| Untracked 
|  48|0x0000000783000000, 0x0000000783000000, 0x0000000783100000|  0%| F|  |TAMS 0x0000000783000000| PB 0x0000000783000000| Untracked 
|  49|0x0000000783100000, 0x0000000783100000, 0x0000000783200000|  0%| F|  |TAMS 0x0000000783100000| PB 0x0000000783100000| Untracked 
|  50|0x0000000783200000, 0x0000000783200000, 0x0000000783300000|  0%| F|  |TAMS 0x0000000783200000| PB 0x0000000783200000| Untracked 
|  51|0x0000000783300000, 0x0000000783300000, 0x0000000783400000|  0%| F|  |TAMS 0x0000000783300000| PB 0x0000000783300000| Untracked 
|  52|0x0000000783400000, 0x0000000783400000, 0x0000000783500000|  0%| F|  |TAMS 0x0000000783400000| PB 0x0000000783400000| Untracked 
|  53|0x0000000783500000, 0x0000000783500000, 0x0000000783600000|  0%| F|  |TAMS 0x0000000783500000| PB 0x0000000783500000| Untracked 
|  54|0x0000000783600000, 0x0000000783600000, 0x0000000783700000|  0%| F|  |TAMS 0x0000000783600000| PB 0x0000000783600000| Untracked 
|  55|0x0000000783700000, 0x0000000783700000, 0x0000000783800000|  0%| F|  |TAMS 0x0000000783700000| PB 0x0000000783700000| Untracked 
|  56|0x0000000783800000, 0x0000000783800000, 0x0000000783900000|  0%| F|  |TAMS 0x0000000783800000| PB 0x0000000783800000| Untracked 
|  57|0x0000000783900000, 0x0000000783900000, 0x0000000783a00000|  0%| F|  |TAMS 0x0000000783900000| PB 0x0000000783900000| Untracked 
|  58|0x0000000783a00000, 0x0000000783a00000, 0x0000000783b00000|  0%| F|  |TAMS 0x0000000783a00000| PB 0x0000000783a00000| Untracked 
|  59|0x0000000783b00000, 0x0000000783b00000, 0x0000000783c00000|  0%| F|  |TAMS 0x0000000783b00000| PB 0x0000000783b00000| Untracked 
|  60|0x0000000783c00000, 0x0000000783c00000, 0x0000000783d00000|  0%| F|  |TAMS 0x0000000783c00000| PB 0x0000000783c00000| Untracked 
|  61|0x0000000783d00000, 0x0000000783d00000, 0x0000000783e00000|  0%| F|  |TAMS 0x0000000783d00000| PB 0x0000000783d00000| Untracked 
|  62|0x0000000783e00000, 0x0000000783e00000, 0x0000000783f00000|  0%| F|  |TAMS 0x0000000783e00000| PB 0x0000000783e00000| Untracked 
|  63|0x0000000783f00000, 0x0000000783f00000, 0x0000000784000000|  0%| F|  |TAMS 0x0000000783f00000| PB 0x0000000783f00000| Untracked 
|  64|0x0000000784000000, 0x0000000784000000, 0x0000000784100000|  0%| F|  |TAMS 0x0000000784000000| PB 0x0000000784000000| Untracked 
|  65|0x0000000784100000, 0x0000000784100000, 0x0000000784200000|  0%| F|  |TAMS 0x0000000784100000| PB 0x0000000784100000| Untracked 
|  66|0x0000000784200000, 0x0000000784200000, 0x0000000784300000|  0%| F|  |TAMS 0x0000000784200000| PB 0x0000000784200000| Untracked 
|  67|0x0000000784300000, 0x0000000784300000, 0x0000000784400000|  0%| F|  |TAMS 0x0000000784300000| PB 0x0000000784300000| Untracked 
|  68|0x0000000784400000, 0x0000000784400000, 0x0000000784500000|  0%| F|  |TAMS 0x0000000784400000| PB 0x0000000784400000| Untracked 
|  69|0x0000000784500000, 0x0000000784500000, 0x0000000784600000|  0%| F|  |TAMS 0x0000000784500000| PB 0x0000000784500000| Untracked 
|  70|0x0000000784600000, 0x0000000784600000, 0x0000000784700000|  0%| F|  |TAMS 0x0000000784600000| PB 0x0000000784600000| Untracked 
|  71|0x0000000784700000, 0x0000000784700000, 0x0000000784800000|  0%| F|  |TAMS 0x0000000784700000| PB 0x0000000784700000| Untracked 
|  72|0x0000000784800000, 0x0000000784800000, 0x0000000784900000|  0%| F|  |TAMS 0x0000000784800000| PB 0x0000000784800000| Untracked 
|  73|0x0000000784900000, 0x0000000784900000, 0x0000000784a00000|  0%| F|  |TAMS 0x0000000784900000| PB 0x0000000784900000| Untracked 
|  74|0x0000000784a00000, 0x0000000784a00000, 0x0000000784b00000|  0%| F|  |TAMS 0x0000000784a00000| PB 0x0000000784a00000| Untracked 
|  75|0x0000000784b00000, 0x0000000784b00000, 0x0000000784c00000|  0%| F|  |TAMS 0x0000000784b00000| PB 0x0000000784b00000| Untracked 
|  76|0x0000000784c00000, 0x0000000784c00000, 0x0000000784d00000|  0%| F|  |TAMS 0x0000000784c00000| PB 0x0000000784c00000| Untracked 
|  77|0x0000000784d00000, 0x0000000784d00000, 0x0000000784e00000|  0%| F|  |TAMS 0x0000000784d00000| PB 0x0000000784d00000| Untracked 
|  78|0x0000000784e00000, 0x0000000784e00000, 0x0000000784f00000|  0%| F|  |TAMS 0x0000000784e00000| PB 0x0000000784e00000| Untracked 
|  79|0x0000000784f00000, 0x0000000784f00000, 0x0000000785000000|  0%| F|  |TAMS 0x0000000784f00000| PB 0x0000000784f00000| Untracked 
|  80|0x0000000785000000, 0x0000000785000000, 0x0000000785100000|  0%| F|  |TAMS 0x0000000785000000| PB 0x0000000785000000| Untracked 
|  81|0x0000000785100000, 0x0000000785100000, 0x0000000785200000|  0%| F|  |TAMS 0x0000000785100000| PB 0x0000000785100000| Untracked 
|  82|0x0000000785200000, 0x0000000785200000, 0x0000000785300000|  0%| F|  |TAMS 0x0000000785200000| PB 0x0000000785200000| Untracked 
|  83|0x0000000785300000, 0x0000000785300000, 0x0000000785400000|  0%| F|  |TAMS 0x0000000785300000| PB 0x0000000785300000| Untracked 
|  84|0x0000000785400000, 0x0000000785400000, 0x0000000785500000|  0%| F|  |TAMS 0x0000000785400000| PB 0x0000000785400000| Untracked 
|  85|0x0000000785500000, 0x0000000785500000, 0x0000000785600000|  0%| F|  |TAMS 0x0000000785500000| PB 0x0000000785500000| Untracked 
|  86|0x0000000785600000, 0x0000000785600000, 0x0000000785700000|  0%| F|  |TAMS 0x0000000785600000| PB 0x0000000785600000| Untracked 
|  87|0x0000000785700000, 0x0000000785700000, 0x0000000785800000|  0%| F|  |TAMS 0x0000000785700000| PB 0x0000000785700000| Untracked 
|  88|0x0000000785800000, 0x0000000785800000, 0x0000000785900000|  0%| F|  |TAMS 0x0000000785800000| PB 0x0000000785800000| Untracked 
|  89|0x0000000785900000, 0x0000000785900000, 0x0000000785a00000|  0%| F|  |TAMS 0x0000000785900000| PB 0x0000000785900000| Untracked 
|  90|0x0000000785a00000, 0x0000000785a00000, 0x0000000785b00000|  0%| F|  |TAMS 0x0000000785a00000| PB 0x0000000785a00000| Untracked 
|  91|0x0000000785b00000, 0x0000000785b00000, 0x0000000785c00000|  0%| F|  |TAMS 0x0000000785b00000| PB 0x0000000785b00000| Untracked 
|  92|0x0000000785c00000, 0x0000000785c00000, 0x0000000785d00000|  0%| F|  |TAMS 0x0000000785c00000| PB 0x0000000785c00000| Untracked 
|  93|0x0000000785d00000, 0x0000000785d00000, 0x0000000785e00000|  0%| F|  |TAMS 0x0000000785d00000| PB 0x0000000785d00000| Untracked 
|  94|0x0000000785e00000, 0x0000000785e00000, 0x0000000785f00000|  0%| F|  |TAMS 0x0000000785e00000| PB 0x0000000785e00000| Untracked 
|  95|0x0000000785f00000, 0x0000000785f00000, 0x0000000786000000|  0%| F|  |TAMS 0x0000000785f00000| PB 0x0000000785f00000| Untracked 
|  96|0x0000000786000000, 0x0000000786000000, 0x0000000786100000|  0%| F|  |TAMS 0x0000000786000000| PB 0x0000000786000000| Untracked 
|  97|0x0000000786100000, 0x0000000786100000, 0x0000000786200000|  0%| F|  |TAMS 0x0000000786100000| PB 0x0000000786100000| Untracked 
|  98|0x0000000786200000, 0x0000000786200000, 0x0000000786300000|  0%| F|  |TAMS 0x0000000786200000| PB 0x0000000786200000| Untracked 
|  99|0x0000000786300000, 0x0000000786300000, 0x0000000786400000|  0%| F|  |TAMS 0x0000000786300000| PB 0x0000000786300000| Untracked 
| 100|0x0000000786400000, 0x0000000786400000, 0x0000000786500000|  0%| F|  |TAMS 0x0000000786400000| PB 0x0000000786400000| Untracked 
| 101|0x0000000786500000, 0x0000000786500000, 0x0000000786600000|  0%| F|  |TAMS 0x0000000786500000| PB 0x0000000786500000| Untracked 
| 102|0x0000000786600000, 0x0000000786600000, 0x0000000786700000|  0%| F|  |TAMS 0x0000000786600000| PB 0x0000000786600000| Untracked 
| 103|0x0000000786700000, 0x0000000786700000, 0x0000000786800000|  0%| F|  |TAMS 0x0000000786700000| PB 0x0000000786700000| Untracked 
| 104|0x0000000786800000, 0x0000000786800000, 0x0000000786900000|  0%| F|  |TAMS 0x0000000786800000| PB 0x0000000786800000| Untracked 
| 105|0x0000000786900000, 0x0000000786900000, 0x0000000786a00000|  0%| F|  |TAMS 0x0000000786900000| PB 0x0000000786900000| Untracked 
| 106|0x0000000786a00000, 0x0000000786a76538, 0x0000000786b00000| 46%| E|  |TAMS 0x0000000786a00000| PB 0x0000000786a00000| Complete 
| 107|0x0000000786b00000, 0x0000000786c00000, 0x0000000786c00000|100%| E|CS|TAMS 0x0000000786b00000| PB 0x0000000786b00000| Complete 
| 108|0x0000000786c00000, 0x0000000786d00000, 0x0000000786d00000|100%| E|CS|TAMS 0x0000000786c00000| PB 0x0000000786c00000| Complete 
| 109|0x0000000786d00000, 0x0000000786e00000, 0x0000000786e00000|100%| E|CS|TAMS 0x0000000786d00000| PB 0x0000000786d00000| Complete 
| 110|0x0000000786e00000, 0x0000000786f00000, 0x0000000786f00000|100%| E|CS|TAMS 0x0000000786e00000| PB 0x0000000786e00000| Complete 
| 111|0x0000000786f00000, 0x0000000787000000, 0x0000000787000000|100%| E|CS|TAMS 0x0000000786f00000| PB 0x0000000786f00000| Complete 
| 112|0x0000000787000000, 0x0000000787100000, 0x0000000787100000|100%| E|CS|TAMS 0x0000000787000000| PB 0x0000000787000000| Complete 
| 113|0x0000000787100000, 0x0000000787200000, 0x0000000787200000|100%| E|CS|TAMS 0x0000000787100000| PB 0x0000000787100000| Complete 
| 114|0x0000000787200000, 0x0000000787300000, 0x0000000787300000|100%| E|CS|TAMS 0x0000000787200000| PB 0x0000000787200000| Complete 
| 115|0x0000000787300000, 0x0000000787400000, 0x0000000787400000|100%| E|CS|TAMS 0x0000000787300000| PB 0x0000000787300000| Complete 
| 116|0x0000000787400000, 0x0000000787500000, 0x0000000787500000|100%| E|CS|TAMS 0x0000000787400000| PB 0x0000000787400000| Complete 
| 117|0x0000000787500000, 0x0000000787600000, 0x0000000787600000|100%| E|CS|TAMS 0x0000000787500000| PB 0x0000000787500000| Complete 
| 118|0x0000000787600000, 0x0000000787700000, 0x0000000787700000|100%| E|CS|TAMS 0x0000000787600000| PB 0x0000000787600000| Complete 
| 119|0x0000000787700000, 0x0000000787800000, 0x0000000787800000|100%| E|CS|TAMS 0x0000000787700000| PB 0x0000000787700000| Complete 
| 120|0x0000000787800000, 0x0000000787900000, 0x0000000787900000|100%| E|CS|TAMS 0x0000000787800000| PB 0x0000000787800000| Complete 
| 121|0x0000000787900000, 0x0000000787a00000, 0x0000000787a00000|100%| E|CS|TAMS 0x0000000787900000| PB 0x0000000787900000| Complete 
| 122|0x0000000787a00000, 0x0000000787b00000, 0x0000000787b00000|100%| E|CS|TAMS 0x0000000787a00000| PB 0x0000000787a00000| Complete 
| 123|0x0000000787b00000, 0x0000000787c00000, 0x0000000787c00000|100%| E|CS|TAMS 0x0000000787b00000| PB 0x0000000787b00000| Complete 
| 124|0x0000000787c00000, 0x0000000787d00000, 0x0000000787d00000|100%| E|CS|TAMS 0x0000000787c00000| PB 0x0000000787c00000| Complete 
| 125|0x0000000787d00000, 0x0000000787e00000, 0x0000000787e00000|100%| E|CS|TAMS 0x0000000787d00000| PB 0x0000000787d00000| Complete 
| 126|0x0000000787e00000, 0x0000000787f00000, 0x0000000787f00000|100%| E|CS|TAMS 0x0000000787e00000| PB 0x0000000787e00000| Complete 
| 127|0x0000000787f00000, 0x0000000788000000, 0x0000000788000000|100%| E|CS|TAMS 0x0000000787f00000| PB 0x0000000787f00000| Complete 
|2046|0x00000007ffe00000, 0x00000007ffe78000, 0x00000007fff00000| 46%|OA|  |TAMS 0x00000007ffe00000| PB 0x00000007ffe00000| Untracked 
|2047|0x00000007fff00000, 0x00000007fff7f000, 0x0000000800000000| 49%|CA|  |TAMS 0x00000007fff00000| PB 0x00000007fff00000| Untracked 

Card table byte_map: [0x0000000108f7e000,0x000000010937e000] _byte_map_base: 0x000000010537e000

Marking Bits: (CMBitMap*) 0x00007fa67581dc10
 Bits: [0x000000010977e000, 0x000000010b77e000)

Polling page: 0x00000001036bf000

Metaspace:

Usage:
  Non-class:      5.61 MB used.
      Class:    776.69 KB used.
       Both:      6.37 MB used.

Virtual space:
  Non-class space:       64.00 MB reserved,       5.75 MB (  9%) committed,  1 nodes.
      Class space:        1.00 GB reserved,     896.00 KB ( <1%) committed,  1 nodes.
             Both:        1.06 GB reserved,       6.62 MB ( <1%) committed. 

Chunk freelists:
   Non-Class:  2.28 MB
       Class:  3.07 MB
        Both:  5.35 MB

MaxMetaspaceSize: unlimited
CompressedClassSpaceSize: 1.00 GB
Initial GC threshold: 21.00 MB
Current GC threshold: 21.00 MB
CDS: on
MetaspaceReclaimPolicy: balanced
 - commit_granule_bytes: 65536.
 - commit_granule_words: 8192.
 - virtual_space_node_default_size: 8388608.
 - enlarge_chunks_in_place: 1.
 - new_chunks_are_fully_committed: 0.
 - uncommit_free_chunks: 1.
 - use_allocation_guard: 0.


Internal statistics:

num_allocs_failed_limit: 0.
num_arena_births: 182.
num_arena_deaths: 0.
num_vsnodes_births: 2.
num_vsnodes_deaths: 0.
num_space_committed: 106.
num_space_uncommitted: 0.
num_chunks_returned_to_freelist: 0.
num_chunks_taken_from_freelist: 215.
num_chunk_merges: 0.
num_chunk_splits: 135.
num_chunks_enlarged: 70.
num_inconsistent_stats: 0.

CodeHeap 'non-profiled nmethods': size=120028Kb used=196Kb max_used=196Kb free=119832Kb
 bounds [0x000000011d0f9000, 0x000000011d369000, 0x0000000124630000]
CodeHeap 'profiled nmethods': size=120028Kb used=912Kb max_used=912Kb free=119115Kb
 bounds [0x0000000115630000, 0x00000001158a0000, 0x000000011cb67000]
CodeHeap 'non-nmethods': size=5704Kb used=1588Kb max_used=1596Kb free=4116Kb
 bounds [0x000000011cb67000, 0x000000011cdd7000, 0x000000011d0f9000]
 total_blobs=1274 nmethods=658 adapters=528
 compilation: enabled
              stopped_count=0, restarted_count=0
 full_count=0

Compilation events (20 events):
Event: 3.032 Thread 0x00007fa671816200  634       1       sun.java2d.loops.CompositeType::getUniqueID (5 bytes)
Event: 3.033 Thread 0x00007fa671816200 nmethod 634 0x000000011d127490 code [0x000000011d127600, 0x000000011d1276c0]
Event: 3.033 Thread 0x00007fa671816200  635  s    3       sun.java2d.loops.GraphicsPrimitive::makeUniqueID (26 bytes)
Event: 3.034 Thread 0x00007fa671816200 nmethod 635 0x000000011570d890 code [0x000000011570da20, 0x000000011570dc48]
Event: 3.034 Thread 0x00007fa671816200  636       3       sun.java2d.loops.GraphicsPrimitive::<init> (75 bytes)
Event: 3.036 Thread 0x00007fa671816200 nmethod 636 0x000000011570dd90 code [0x000000011570df60, 0x000000011570e530]
Event: 3.052 Thread 0x00007fa671816200  638       3       java.lang.StringBuilder::<init> (6 bytes)
Event: 3.053 Thread 0x00007fa671816200 nmethod 638 0x000000011570e790 code [0x000000011570e920, 0x000000011570ea58]
Event: 3.068 Thread 0x00007fa671816200  639       3       java.lang.invoke.DirectMethodHandle::preparedLambdaForm (31 bytes)
Event: 3.070 Thread 0x00007fa671816200 nmethod 639 0x000000011570eb10 code [0x000000011570ece0, 0x000000011570f188]
Event: 3.089 Thread 0x00007fa671813600  641       4       jdk.internal.misc.Unsafe::putReferenceRelease (9 bytes)
Event: 3.093 Thread 0x00007fa671816200  642       3       java.lang.invoke.MethodHandles$Lookup$ClassFile::readUnsignedShort (39 bytes)
Event: 3.095 Thread 0x00007fa671816200 nmethod 642 0x000000011570f390 code [0x000000011570f540, 0x000000011570f740]
Event: 3.095 Thread 0x00007fa671813600 nmethod 641 0x000000011d128090 code [0x000000011d128200, 0x000000011d128358]
Event: 3.095 Thread 0x00007fa671816200  644       3       jdk.internal.org.objectweb.asm.ClassReader::readUtf (161 bytes)
Event: 3.096 Thread 0x00007fa671816200 nmethod 644 0x000000011570f890 code [0x000000011570fa60, 0x000000011570fec0]
Event: 3.097 Thread 0x00007fa671816200  643       1       jdk.internal.org.objectweb.asm.ClassReader::getMaxStringLength (5 bytes)
Event: 3.098 Thread 0x00007fa671816200 nmethod 643 0x000000011d128410 code [0x000000011d128580, 0x000000011d128640]
Event: 3.142 Thread 0x00007fa671816200  648       3       jdk.internal.loader.NativeLibraries$NativeLibraryImpl::find (9 bytes)
Event: 3.143 Thread 0x00007fa671816200 nmethod 648 0x0000000115710190 code [0x0000000115710320, 0x0000000115710458]

GC Heap History (0 events):
No events

Dll operation events (10 events):
Event: 0.033 Loaded shared library /Library/Java/JavaVirtualMachines/jdk-20.jdk/Contents/Home/lib/libjava.dylib
Event: 0.176 Loaded shared library /Library/Java/JavaVirtualMachines/jdk-20.jdk/Contents/Home/lib/libnio.dylib
Event: 0.280 Loaded shared library /Library/Java/JavaVirtualMachines/jdk-20.jdk/Contents/Home/lib/libnet.dylib
Event: 0.600 Loaded shared library /Library/Java/JavaVirtualMachines/jdk-20.jdk/Contents/Home/lib/libjimage.dylib
Event: 0.622 Loaded shared library /Library/Java/JavaVirtualMachines/jdk-20.jdk/Contents/Home/lib/libzip.dylib
Event: 0.698 Loaded shared library /Library/Java/JavaVirtualMachines/jdk-20.jdk/Contents/Home/lib/libawt.dylib
Event: 0.723 Loaded shared library /Library/Java/JavaVirtualMachines/jdk-20.jdk/Contents/Home/lib/libawt_lwawt.dylib
Event: 0.895 Loaded shared library /Library/Java/JavaVirtualMachines/jdk-20.jdk/Contents/Home/lib/libfontmanager.dylib
Event: 2.046 Loaded shared library /Library/Java/JavaVirtualMachines/jdk-20.jdk/Contents/Home/lib/libosxui.dylib
Event: 2.398 Loaded shared library /Library/Java/JavaVirtualMachines/jdk-20.jdk/Contents/Home/lib/libjavajpeg.dylib

Deoptimization events (20 events):
Event: 2.277 Thread 0x00007fa6730c6400 Uncommon trap: trap_request=0xffffffde fr.pc=0x000000011d107464 relative=0x0000000000000964
Event: 2.277 Thread 0x00007fa6730c6400 Uncommon trap: reason=class_check action=maybe_recompile pc=0x000000011d107464 method=java.util.HashMap.putVal(ILjava/lang/Object;Ljava/lang/Object;ZZ)Ljava/lang/Object; @ 152 c2
Event: 2.277 Thread 0x00007fa6730c6400 DEOPT PACKING pc=0x000000011d107464 sp=0x000070000e6e3c40
Event: 2.277 Thread 0x00007fa6730c6400 DEOPT UNPACKING pc=0x000000011cbd0219 sp=0x000070000e6e3bd0 mode 2
Event: 2.277 Thread 0x00007fa6730c6400 Uncommon trap: trap_request=0xffffffc6 fr.pc=0x000000011d107534 relative=0x0000000000000a34
Event: 2.277 Thread 0x00007fa6730c6400 Uncommon trap: reason=bimorphic_or_optimized_type_check action=maybe_recompile pc=0x000000011d107534 method=java.util.HashMap.putVal(ILjava/lang/Object;Ljava/lang/Object;ZZ)Ljava/lang/Object; @ 56 c2
Event: 2.277 Thread 0x00007fa6730c6400 DEOPT PACKING pc=0x000000011d107534 sp=0x000070000e6e3c40
Event: 2.277 Thread 0x00007fa6730c6400 DEOPT UNPACKING pc=0x000000011cbd0219 sp=0x000070000e6e3bc8 mode 2
Event: 2.277 Thread 0x00007fa6730c6400 Uncommon trap: trap_request=0xffffffde fr.pc=0x000000011d107464 relative=0x0000000000000964
Event: 2.277 Thread 0x00007fa6730c6400 Uncommon trap: reason=class_check action=maybe_recompile pc=0x000000011d107464 method=java.util.HashMap.putVal(ILjava/lang/Object;Ljava/lang/Object;ZZ)Ljava/lang/Object; @ 152 c2
Event: 2.277 Thread 0x00007fa6730c6400 DEOPT PACKING pc=0x000000011d107464 sp=0x000070000e6e3c40
Event: 2.277 Thread 0x00007fa6730c6400 DEOPT UNPACKING pc=0x000000011cbd0219 sp=0x000070000e6e3bd0 mode 2
Event: 2.277 Thread 0x00007fa6730c6400 Uncommon trap: trap_request=0xffffffc6 fr.pc=0x000000011d107534 relative=0x0000000000000a34
Event: 2.277 Thread 0x00007fa6730c6400 Uncommon trap: reason=bimorphic_or_optimized_type_check action=maybe_recompile pc=0x000000011d107534 method=java.util.HashMap.putVal(ILjava/lang/Object;Ljava/lang/Object;ZZ)Ljava/lang/Object; @ 56 c2
Event: 2.277 Thread 0x00007fa6730c6400 DEOPT PACKING pc=0x000000011d107534 sp=0x000070000e6e3c40
Event: 2.277 Thread 0x00007fa6730c6400 DEOPT UNPACKING pc=0x000000011cbd0219 sp=0x000070000e6e3bc8 mode 2
Event: 2.277 Thread 0x00007fa6730c6400 Uncommon trap: trap_request=0xffffffc6 fr.pc=0x000000011d107534 relative=0x0000000000000a34
Event: 2.277 Thread 0x00007fa6730c6400 Uncommon trap: reason=bimorphic_or_optimized_type_check action=maybe_recompile pc=0x000000011d107534 method=java.util.HashMap.putVal(ILjava/lang/Object;Ljava/lang/Object;ZZ)Ljava/lang/Object; @ 56 c2
Event: 2.277 Thread 0x00007fa6730c6400 DEOPT PACKING pc=0x000000011d107534 sp=0x000070000e6e3c40
Event: 2.277 Thread 0x00007fa6730c6400 DEOPT UNPACKING pc=0x000000011cbd0219 sp=0x000070000e6e3bc8 mode 2

Classes loaded (20 events):
Event: 3.133 Loading class sun/awt/LightweightPeerHolder
Event: 3.133 Loading class sun/awt/LightweightPeerHolder done
Event: 3.133 Loading class sun/awt/NullComponentPeer
Event: 3.133 Loading class java/awt/peer/PanelPeer
Event: 3.133 Loading class java/awt/peer/PanelPeer done
Event: 3.134 Loading class sun/awt/NullComponentPeer done
Event: 3.134 Loading class java/applet/Applet
Event: 3.135 Loading class java/awt/Panel
Event: 3.135 Loading class java/awt/Panel done
Event: 3.135 Loading class java/applet/Applet done
Event: 3.136 Loading class java/awt/event/PaintEvent
Event: 3.136 Loading class java/awt/event/PaintEvent done
Event: 3.137 Loading class sun/awt/event/IgnorePaintEvent
Event: 3.137 Loading class sun/awt/event/IgnorePaintEvent done
Event: 3.140 Loading class java/awt/SplashScreen
Event: 3.141 Loading class java/awt/SplashScreen done
Event: 3.143 Loading class java/awt/Dialog$ModalityType
Event: 3.143 Loading class java/awt/Dialog$ModalityType done
Event: 3.144 Loading class sun/lwawt/macosx/CImage
Event: 3.144 Loading class sun/lwawt/macosx/CImage done

Classes unloaded (0 events):
No events

Classes redefined (0 events):
No events

Internal exceptions (20 events):
Event: 0.648 Thread 0x00007fa673009400 Exception <a 'java/lang/ClassNotFoundException'{0x0000000787ec1020}: sun/awt/resources/spi/awtProvider> (0x0000000787ec1020) 
thrown [open/src/hotspot/share/classfile/systemDictionary.cpp, line 305]
Event: 0.787 Thread 0x00007fa673009400 Exception <a 'java/io/FileNotFoundException'{0x0000000787d13b38}> (0x0000000787d13b38) 
thrown [open/src/hotspot/share/prims/jni.cpp, line 519]
Event: 0.821 Thread 0x00007fa673009400 Exception <a 'java/io/FileNotFoundException'{0x0000000787d3d998}> (0x0000000787d3d998) 
thrown [open/src/hotspot/share/prims/jni.cpp, line 519]
Event: 0.881 Thread 0x00007fa673009400 Exception <a 'java/lang/ClassNotFoundException'{0x0000000787d47060}: sun/awt/resources/spi/awtosxProvider> (0x0000000787d47060) 
thrown [open/src/hotspot/share/classfile/systemDictionary.cpp, line 305]
Event: 2.026 Thread 0x00007fa6730c6400 Exception <a 'java/lang/NoSuchMethodError'{0x0000000787c3bd10}: 'void java.lang.invoke.DirectMethodHandle$Holder.invokeSpecial(java.lang.Object, java.lang.Object, java.lang.Object)'> (0x0000000787c3bd10) 
thrown [open/src/hotspot/share/interpreter/linkResolver.cpp, line 773]
Event: 2.072 Thread 0x00007fa6730c6400 Exception <a 'java/lang/NoSuchMethodError'{0x0000000787c52988}: 'void java.lang.invoke.DirectMethodHandle$Holder.invokeStaticInit(java.lang.Object)'> (0x0000000787c52988) 
thrown [open/src/hotspot/share/interpreter/linkResolver.cpp, line 773]
Event: 2.120 Thread 0x00007fa6730c6400 Exception <a 'java/lang/NoSuchMethodError'{0x0000000787b04500}: 'java.lang.Object java.lang.invoke.DirectMethodHandle$Holder.newInvokeSpecial(java.lang.Object, java.lang.Object, java.lang.Object, java.lang.Object, java.lang.Object)'> (0x0000000787b04500) 
thrown [open/src/hotspot/share/interpreter/linkResolver.cpp, line 773]
Event: 2.145 Thread 0x00007fa6730c6400 Exception <a 'java/lang/NoSuchMethodError'{0x0000000787b34cd8}: 'java.lang.Object java.lang.invoke.DirectMethodHandle$Holder.invokeStatic(java.lang.Object, int, java.lang.Object)'> (0x0000000787b34cd8) 
thrown [open/src/hotspot/share/interpreter/linkResolver.cpp, line 773]
Event: 2.165 Thread 0x00007fa6730c6400 Exception <a 'java/lang/ClassNotFoundException'{0x0000000787b66310}: com/apple/laf/resources/spi/aquaProvider> (0x0000000787b66310) 
thrown [open/src/hotspot/share/classfile/systemDictionary.cpp, line 305]
Event: 2.279 Thread 0x00007fa6730c6400 Exception <a 'java/lang/ClassNotFoundException'{0x0000000787bd7f18}: com/sun/swing/internal/plaf/basic/resources/spi/basicProvider> (0x0000000787bd7f18) 
thrown [open/src/hotspot/share/classfile/systemDictionary.cpp, line 305]
Event: 2.332 Thread 0x00007fa6730c6400 Exception <a 'java/lang/NoSuchMethodError'{0x0000000787bf8ae0}: 'int java.lang.invoke.Invokers$Holder.invokeExact_MT(java.lang.Object, java.lang.Object)'> (0x0000000787bf8ae0) 
thrown [open/src/hotspot/share/interpreter/linkResolver.cpp, line 773]
Event: 2.424 Thread 0x00007fa67503b000 Exception <a 'java/lang/NoSuchMethodError'{0x0000000787a82710}: 'java.lang.Object java.lang.invoke.DirectMethodHandle$Holder.newInvokeSpecial(java.lang.Object, java.lang.Object, java.lang.Object, int, int, int, int, int)'> (0x0000000787a82710) 
thrown [open/src/hotspot/share/interpreter/linkResolver.cpp, line 773]
Event: 2.773 Thread 0x00007fa6730c6400 Exception <a 'java/lang/NoSuchMethodError'{0x0000000787a20b38}: 'void java.lang.invoke.Invokers$Holder.invokeExact_MT(java.lang.Object, java.lang.Object, java.lang.Object, java.lang.Object)'> (0x0000000787a20b38) 
thrown [open/src/hotspot/share/interpreter/linkResolver.cpp, line 773]
Event: 2.789 Thread 0x00007fa6730c6400 Exception <a 'java/lang/NoSuchMethodError'{0x0000000787a2cd58}: 'java.lang.Object java.lang.invoke.DirectMethodHandle$Holder.newInvokeSpecial(java.lang.Object, java.lang.Object, java.lang.Object, int, java.lang.Object)'> (0x0000000787a2cd58) 
thrown [open/src/hotspot/share/interpreter/linkResolver.cpp, line 773]
Event: 2.791 Thread 0x00007fa6730c6400 Exception <a 'java/lang/NoSuchMethodError'{0x0000000787a34400}: 'java.lang.Object java.lang.invoke.Invokers$Holder.linkToTargetMethod(java.lang.Object, java.lang.Object, int, java.lang.Object, java.lang.Object)'> (0x0000000787a34400) 
thrown [open/src/hotspot/share/interpreter/linkResolver.cpp, line 773]
Event: 2.887 Thread 0x00007fa6730c6400 Exception <a 'java/lang/NoSuchMethodError'{0x0000000787a38720}: 'void java.lang.invoke.DirectMethodHandle$Holder.invokeStatic(java.lang.Object, int, long)'> (0x0000000787a38720) 
thrown [open/src/hotspot/share/interpreter/linkResolver.cpp, line 773]
Event: 2.950 Thread 0x00007fa6730c6400 Exception <a 'java/lang/NoSuchMethodError'{0x0000000787a5a828}: 'java.lang.Object java.lang.invoke.Invokers$Holder.linkToTargetMethod(int, int, int, int, java.lang.Object)'> (0x0000000787a5a828) 
thrown [open/src/hotspot/share/interpreter/linkResolver.cpp, line 773]
Event: 2.954 Thread 0x00007fa6730c6400 Exception <a 'java/lang/NoSuchMethodError'{0x0000000787a5e108}: 'void java.lang.invoke.DirectMethodHandle$Holder.invokeStatic(java.lang.Object, java.lang.Object, long)'> (0x0000000787a5e108) 
thrown [open/src/hotspot/share/interpreter/linkResolver.cpp, line 773]
Event: 3.048 Thread 0x00007fa67411a000 Exception <a 'java/lang/NoSuchMethodError'{0x0000000787db4828}: 'void java.lang.invoke.DirectMethodHandle$Holder.invokeSpecial(java.lang.Object, java.lang.Object, long)'> (0x0000000787db4828) 
thrown [open/src/hotspot/share/interpreter/linkResolver.cpp, line 773]
Event: 3.141 Thread 0x00007fa67411a000 Exception <a 'java/lang/NoSuchMethodError'{0x0000000787dc2968}: 'void java.lang.invoke.DirectMethodHandle$Holder.invokeStatic(java.lang.Object, long)'> (0x0000000787dc2968) 
thrown [open/src/hotspot/share/interpreter/linkResolver.cpp, line 773]

VM Operations (10 events):
Event: 0.438 Executing VM operation: HandshakeAllThreads
Event: 0.438 Executing VM operation: HandshakeAllThreads done
Event: 0.864 Executing VM operation: HandshakeAllThreads
Event: 0.865 Executing VM operation: HandshakeAllThreads done
Event: 1.859 Executing VM operation: HandshakeAllThreads
Event: 1.860 Executing VM operation: HandshakeAllThreads done
Event: 1.860 Executing VM operation: Cleanup
Event: 1.861 Executing VM operation: Cleanup done
Event: 2.865 Executing VM operation: Cleanup
Event: 2.865 Executing VM operation: Cleanup done

Events (20 events):
Event: 0.250 Thread 0x00007fa672812400 Thread added: 0x00007fa672812400
Event: 0.250 Protecting memory [0x000070000de44000,0x000070000de48000] with protection modes 0
Event: 0.491 Thread 0x00007fa674072e00 Thread added: 0x00007fa674072e00
Event: 0.491 Protecting memory [0x000070000df47000,0x000070000df4b000] with protection modes 0
Event: 0.924 Protecting memory [0x00007ffeebd94000,0x00007ffeebd98000] with protection modes 0
Event: 0.924 Thread 0x00007fa67411a000 Thread added: 0x00007fa67411a000
Event: 1.292 Thread 0x00007fa675826c00 Thread added: 0x00007fa675826c00
Event: 1.292 Protecting memory [0x000070000e14d000,0x000070000e151000] with protection modes 0
Event: 1.829 Thread 0x00007fa6730c6400 Thread added: 0x00007fa6730c6400
Event: 1.829 Protecting memory [0x000070000e5e5000,0x000070000e5e9000] with protection modes 0
Event: 1.832 Protecting memory [0x000070000cf14000,0x000070000cf18000] with protection modes 3
Event: 1.832 Thread 0x00007fa673009400 Thread exited: 0x00007fa673009400
Event: 1.832 Protecting memory [0x000070000cf14000,0x000070000cf18000] with protection modes 0
Event: 1.833 Thread 0x00007fa67415a600 Thread added: 0x00007fa67415a600
Event: 1.939 Thread 0x00007fa67413ec00 Thread added: 0x00007fa67413ec00
Event: 1.939 Protecting memory [0x000070000e6e8000,0x000070000e6ec000] with protection modes 0
Event: 1.954 Thread 0x00007fa67380c400 Thread added: 0x00007fa67380c400
Event: 1.954 Protecting memory [0x000070000e7eb000,0x000070000e7ef000] with protection modes 0
Event: 2.391 Thread 0x00007fa67503b000 Thread added: 0x00007fa67503b000
Event: 2.391 Protecting memory [0x000070000e8ee000,0x000070000e8f2000] with protection modes 0


Dynamic libraries:
0x00007fff2a5b5000 	/usr/lib/libz.1.dylib
0x0000000103682000 	/Library/Java/JavaVirtualMachines/jdk-20.jdk/Contents/Home/lib/libjli.dylib
0x00007fff34ffc000 	/System/Library/Frameworks/Cocoa.framework/Versions/A/Cocoa
0x00007fff22331000 	/System/Library/Frameworks/Security.framework/Versions/A/Security
0x00007fff33200000 	/System/Library/Frameworks/ApplicationServices.framework/Versions/A/ApplicationServices
0x00007fff2a67d000 	/usr/lib/libSystem.B.dylib
0x00007fff2a677000 	/usr/lib/system/libcache.dylib
0x00007fff2a633000 	/usr/lib/system/libcommonCrypto.dylib
0x00007fff2a65d000 	/usr/lib/system/libcompiler_rt.dylib
0x00007fff2a652000 	/usr/lib/system/libcopyfile.dylib
0x00007fff20229000 	/usr/lib/system/libcorecrypto.dylib
0x00007fff202f4000 	/usr/lib/system/libdispatch.dylib
0x00007fff204a7000 	/usr/lib/system/libdyld.dylib
0x00007fff2a66e000 	/usr/lib/system/libkeymgr.dylib
0x00007fff2da84000 	/usr/lib/system/liblaunch.dylib
0x00007fff2a611000 	/usr/lib/system/libmacho.dylib
0x00007fff29e09000 	/usr/lib/system/libquarantine.dylib
0x00007fff2a66b000 	/usr/lib/system/libremovefile.dylib
0x00007fff24d0d000 	/usr/lib/system/libsystem_asl.dylib
0x00007fff201d9000 	/usr/lib/system/libsystem_blocks.dylib
0x00007fff20376000 	/usr/lib/system/libsystem_c.dylib
0x00007fff2a665000 	/usr/lib/system/libsystem_collections.dylib
0x00007fff2910f000 	/usr/lib/system/libsystem_configuration.dylib
0x00007fff283fa000 	/usr/lib/system/libsystem_containermanager.dylib
0x00007fff2a3b4000 	/usr/lib/system/libsystem_coreservices.dylib
0x00007fff228e9000 	/usr/lib/system/libsystem_darwin.dylib
0x00007fff2a66f000 	/usr/lib/system/libsystem_dnssd.dylib
0x00007fff20373000 	/usr/lib/system/libsystem_featureflags.dylib
0x00007fff204ed000 	/usr/lib/system/libsystem_info.dylib
0x00007fff2a5c8000 	/usr/lib/system/libsystem_m.dylib
0x00007fff202c7000 	/usr/lib/system/libsystem_malloc.dylib
0x00007fff24ca0000 	/usr/lib/system/libsystem_networkextension.dylib
0x00007fff22d08000 	/usr/lib/system/libsystem_notify.dylib
0x00007fff2ff1b000 	/usr/lib/system/libsystem_product_info_filter.dylib
0x00007fff29113000 	/usr/lib/system/libsystem_sandbox.dylib
0x00007fff2a668000 	/usr/lib/system/libsystem_secinit.dylib
0x00007fff2046b000 	/usr/lib/system/libsystem_kernel.dylib
0x00007fff204e3000 	/usr/lib/system/libsystem_platform.dylib
0x00007fff2049b000 	/usr/lib/system/libsystem_pthread.dylib
0x00007fff263eb000 	/usr/lib/system/libsystem_symptoms.dylib
0x00007fff20211000 	/usr/lib/system/libsystem_trace.dylib
0x00007fff2a63f000 	/usr/lib/system/libunwind.dylib
0x00007fff201db000 	/usr/lib/system/libxpc.dylib
0x00007fff20455000 	/usr/lib/libc++abi.dylib
0x00007fff20339000 	/usr/lib/libobjc.A.dylib
0x00007fff2a64a000 	/usr/lib/liboah.dylib
0x00007fff203ff000 	/usr/lib/libc++.1.dylib
0x00007fff20519000 	/System/Library/Frameworks/CoreFoundation.framework/Versions/A/CoreFoundation
0x00007fff212c9000 	/System/Library/Frameworks/Foundation.framework/Versions/C/Foundation
0x00007fff22d62000 	/System/Library/Frameworks/AppKit.framework/Versions/C/AppKit
0x00007fff25c27000 	/System/Library/Frameworks/CoreData.framework/Versions/A/CoreData
0x00007fff23aae000 	/System/Library/PrivateFrameworks/UIFoundation.framework/Versions/A/UIFoundation
0x00007fff2fcae000 	/System/Library/PrivateFrameworks/RemoteViewServices.framework/Versions/A/RemoteViewServices
0x00007fff28ac0000 	/System/Library/PrivateFrameworks/XCTTargetBootstrap.framework/Versions/A/XCTTargetBootstrap
0x00007fff2b7a8000 	/usr/lib/libspindump.dylib
0x00007fff23cfd000 	/System/Library/Frameworks/UniformTypeIdentifiers.framework/Versions/A/UniformTypeIdentifiers
0x00007fff272c4000 	/usr/lib/libapp_launch_measurement.dylib
0x00007fff272c7000 	/System/Library/PrivateFrameworks/CoreAutoLayout.framework/Versions/A/CoreAutoLayout
0x00007fff28427000 	/System/Library/Frameworks/Metal.framework/Versions/A/Metal
0x00007fff2911e000 	/usr/lib/liblangid.dylib
0x00007fff28ac4000 	/System/Library/PrivateFrameworks/CoreSVG.framework/Versions/A/CoreSVG
0x00007fff24d3d000 	/System/Library/PrivateFrameworks/SkyLight.framework/Versions/A/SkyLight
0x00007fff250a3000 	/System/Library/Frameworks/CoreGraphics.framework/Versions/A/CoreGraphics
0x00007fff301d5000 	/System/Library/Frameworks/Accelerate.framework/Versions/A/Accelerate
0x00007fff2b1e6000 	/System/Library/PrivateFrameworks/IconServices.framework/Versions/A/IconServices
0x00007fff2840b000 	/System/Library/Frameworks/IOSurface.framework/Versions/A/IOSurface
0x00007fff265af000 	/usr/lib/libDiagnosticMessagesClient.dylib
0x00007fff28aac000 	/System/Library/PrivateFrameworks/DFRFoundation.framework/Versions/A/DFRFoundation
0x00007fff22689000 	/usr/lib/libicucore.A.dylib
0x00007fff2cced000 	/System/Library/Frameworks/AudioToolbox.framework/Versions/A/AudioToolbox
0x00007fff2bf75000 	/System/Library/PrivateFrameworks/DataDetectorsCore.framework/Versions/A/DataDetectorsCore
0x00007fff24cb0000 	/usr/lib/libMobileGestalt.dylib
0x00007fff287b0000 	/System/Library/Frameworks/Carbon.framework/Versions/A/Frameworks/HIToolbox.framework/Versions/A/HIToolbox
0x00007fff26d09000 	/System/Library/Frameworks/QuartzCore.framework/Versions/A/QuartzCore
0x00007fff2fce6000 	/System/Library/Frameworks/Carbon.framework/Versions/A/Frameworks/SpeechRecognition.framework/Versions/A/SpeechRecognition
0x00007fff27029000 	/System/Library/PrivateFrameworks/CoreUI.framework/Versions/A/CoreUI
0x00007fff21c9f000 	/System/Library/Frameworks/CoreAudio.framework/Versions/A/CoreAudio
0x00007fff2669a000 	/System/Library/Frameworks/DiskArbitration.framework/Versions/A/DiskArbitration
0x00007fff2bb76000 	/System/Library/PrivateFrameworks/MultitouchSupport.framework/Versions/A/MultitouchSupport
0x00007fff2bf6c000 	/System/Library/PrivateFrameworks/InternationalSupport.framework/Versions/A/InternationalSupport
0x00007fff24caf000 	/usr/lib/libenergytrace.dylib
0x00007fff22c59000 	/System/Library/Frameworks/IOKit.framework/Versions/A/IOKit
0x00007fff30019000 	/System/Library/Frameworks/CoreServices.framework/Versions/A/CoreServices
0x00007fff27256000 	/System/Library/PrivateFrameworks/PerformanceAnalysis.framework/Versions/A/PerformanceAnalysis
0x00007fff6b9a4000 	/System/Library/Frameworks/OpenGL.framework/Versions/A/OpenGL
0x00007fff2bff0000 	/System/Library/PrivateFrameworks/UserActivity.framework/Versions/A/UserActivity
0x00007fff2572d000 	/System/Library/Frameworks/ColorSync.framework/Versions/A/ColorSync
0x00007fff28d2c000 	/System/Library/Frameworks/CoreImage.framework/Versions/A/CoreImage
0x00007fff21ab9000 	/System/Library/Frameworks/CoreText.framework/Versions/A/CoreText
0x00007fff28aee000 	/System/Library/Frameworks/ImageIO.framework/Versions/A/ImageIO
0x00007fff2a683000 	/System/Library/PrivateFrameworks/SoftLinking.framework/Versions/A/SoftLinking
0x00007fff2730f000 	/usr/lib/libxml2.2.dylib
0x00007fff2a8f4000 	/usr/lib/libcompression.dylib
0x00007fff2be9e000 	/System/Library/PrivateFrameworks/TextureIO.framework/Versions/A/TextureIO
0x00007fff2af24000 	/usr/lib/libate.dylib
0x00007fff2ad08000 	/usr/lib/liblzma.5.dylib
0x00007fff20fdd000 	/System/Library/Frameworks/SystemConfiguration.framework/Versions/A/SystemConfiguration
0x00007fff2a67f000 	/usr/lib/libfakelink.dylib
0x00007fff24801000 	/System/Library/Frameworks/CFNetwork.framework/Versions/A/CFNetwork
0x00007fff2a7bf000 	/usr/lib/libarchive.2.dylib
0x00007fff2105b000 	/usr/lib/libCRFSuite.dylib
0x00007fff29e30000 	/usr/lib/libbsm.0.dylib
0x00007fff2417a000 	/usr/lib/libnetwork.dylib
0x00007fff2a684000 	/usr/lib/libpcap.A.dylib
0x00007fff263e4000 	/usr/lib/libdns_services.dylib
0x00007fff2ad21000 	/usr/lib/libcoretls_cfhelpers.dylib
0x00007fff2a8be000 	/usr/lib/libapple_nghttp2.dylib
0x00007fff2a617000 	/usr/lib/system/libkxld.dylib
0x00007fff2605d000 	/usr/lib/libsqlite3.dylib
0x00007fff2a397000 	/System/Library/PrivateFrameworks/AppleFSCompression.framework/Versions/A/AppleFSCompression
0x00007fff29e18000 	/usr/lib/libcoretls.dylib
0x00007fff2a8ef000 	/usr/lib/libpam.2.dylib
0x00007fff2ae1f000 	/usr/lib/libxar.1.dylib
0x00007fff2911a000 	/System/Library/PrivateFrameworks/AppleSystemInfo.framework/Versions/A/AppleSystemInfo
0x00007fff29a5a000 	/System/Library/PrivateFrameworks/IOMobileFramebuffer.framework/Versions/A/IOMobileFramebuffer
0x00007fff2a3a7000 	/usr/lib/libbz2.1.0.dylib
0x00007fff2a6bc000 	/usr/lib/libiconv.2.dylib
0x00007fff2a610000 	/usr/lib/libcharset.1.dylib
0x00007fff27292000 	/System/Library/Frameworks/CoreServices.framework/Versions/A/Frameworks/FSEvents.framework/Versions/A/FSEvents
0x00007fff228f3000 	/System/Library/Frameworks/CoreServices.framework/Versions/A/Frameworks/CarbonCore.framework/Versions/A/CarbonCore
0x00007fff265ff000 	/System/Library/Frameworks/CoreServices.framework/Versions/A/Frameworks/Metadata.framework/Versions/A/Metadata
0x00007fff2a3b9000 	/System/Library/Frameworks/CoreServices.framework/Versions/A/Frameworks/OSServices.framework/Versions/A/OSServices
0x00007fff2a831000 	/System/Library/Frameworks/CoreServices.framework/Versions/A/Frameworks/SearchKit.framework/Versions/A/SearchKit
0x00007fff2636f000 	/System/Library/Frameworks/CoreServices.framework/Versions/A/Frameworks/AE.framework/Versions/A/AE
0x00007fff209b7000 	/System/Library/Frameworks/CoreServices.framework/Versions/A/Frameworks/LaunchServices.framework/Versions/A/LaunchServices
0x00007fff2acb8000 	/System/Library/Frameworks/CoreServices.framework/Versions/A/Frameworks/DictionaryServices.framework/Versions/A/DictionaryServices
0x00007fff2729f000 	/System/Library/Frameworks/CoreServices.framework/Versions/A/Frameworks/SharedFileList.framework/Versions/A/SharedFileList
0x00007fff29e0c000 	/usr/lib/libCheckFix.dylib
0x00007fff24d24000 	/System/Library/PrivateFrameworks/TCC.framework/Versions/A/TCC
0x00007fff29120000 	/System/Library/PrivateFrameworks/CoreNLP.framework/Versions/A/CoreNLP
0x00007fff265b2000 	/System/Library/PrivateFrameworks/MetadataUtilities.framework/Versions/A/MetadataUtilities
0x00007fff21090000 	/usr/lib/libmecabra.dylib
0x00007fff2a116000 	/System/Library/Frameworks/MLCompute.framework/Versions/A/MLCompute
0x00007fff29e41000 	/usr/lib/libmecab.dylib
0x00007fff29e8b000 	/usr/lib/libgermantok.dylib
0x00007fff2a899000 	/usr/lib/libThaiTokenizer.dylib
0x00007fff2ae5b000 	/usr/lib/libChineseTokenizer.dylib
0x00007fff2a8ed000 	/System/Library/Frameworks/MetalPerformanceShaders.framework/Versions/A/MetalPerformanceShaders
0x00007fff266a1000 	/System/Library/Frameworks/Accelerate.framework/Versions/A/Frameworks/vImage.framework/Versions/A/vImage
0x00007fff2fff3000 	/System/Library/Frameworks/Accelerate.framework/Versions/A/Frameworks/vecLib.framework/Versions/A/vecLib
0x00007fff2ae66000 	/System/Library/Frameworks/Accelerate.framework/Versions/A/Frameworks/vecLib.framework/Versions/A/libvMisc.dylib
0x00007fff29875000 	/System/Library/Frameworks/Accelerate.framework/Versions/A/Frameworks/vecLib.framework/Versions/A/libvDSP.dylib
0x00007fff20cc3000 	/System/Library/Frameworks/Accelerate.framework/Versions/A/Frameworks/vecLib.framework/Versions/A/libBLAS.dylib
0x00007fff2a91a000 	/System/Library/Frameworks/Accelerate.framework/Versions/A/Frameworks/vecLib.framework/Versions/A/libLAPACK.dylib
0x00007fff29e91000 	/System/Library/Frameworks/Accelerate.framework/Versions/A/Frameworks/vecLib.framework/Versions/A/libLinearAlgebra.dylib
0x00007fff2a8d6000 	/System/Library/Frameworks/Accelerate.framework/Versions/A/Frameworks/vecLib.framework/Versions/A/libSparseBLAS.dylib
0x00007fff2a914000 	/System/Library/Frameworks/Accelerate.framework/Versions/A/Frameworks/vecLib.framework/Versions/A/libQuadrature.dylib
0x00007fff291cc000 	/System/Library/Frameworks/Accelerate.framework/Versions/A/Frameworks/vecLib.framework/Versions/A/libBNNS.dylib
0x00007fff20f6e000 	/System/Library/Frameworks/Accelerate.framework/Versions/A/Frameworks/vecLib.framework/Versions/A/libSparse.dylib
0x00007fff290a8000 	/System/Library/Frameworks/MetalPerformanceShaders.framework/Versions/A/Frameworks/MPSCore.framework/Versions/A/MPSCore
0x00007fff2a306000 	/System/Library/Frameworks/MetalPerformanceShaders.framework/Versions/A/Frameworks/MPSImage.framework/Versions/A/MPSImage
0x00007fff29ea7000 	/System/Library/Frameworks/MetalPerformanceShaders.framework/Versions/A/Frameworks/MPSNeuralNetwork.framework/Versions/A/MPSNeuralNetwork
0x00007fff2a278000 	/System/Library/Frameworks/MetalPerformanceShaders.framework/Versions/A/Frameworks/MPSMatrix.framework/Versions/A/MPSMatrix
0x00007fff2a0c6000 	/System/Library/Frameworks/MetalPerformanceShaders.framework/Versions/A/Frameworks/MPSRayIntersector.framework/Versions/A/MPSRayIntersector
0x00007fff2a2af000 	/System/Library/Frameworks/MetalPerformanceShaders.framework/Versions/A/Frameworks/MPSNDArray.framework/Versions/A/MPSNDArray
0x00007fff20bee000 	/System/Library/PrivateFrameworks/MetalTools.framework/Versions/A/MetalTools
0x00007fff29118000 	/System/Library/PrivateFrameworks/AggregateDictionary.framework/Versions/A/AggregateDictionary
0x00007fff2657f000 	/System/Library/PrivateFrameworks/CoreAnalytics.framework/Versions/A/CoreAnalytics
0x00007fff2a89b000 	/System/Library/PrivateFrameworks/AppleSauce.framework/Versions/A/AppleSauce
0x00007fff2841d000 	/System/Library/PrivateFrameworks/IOAccelerator.framework/Versions/A/IOAccelerator
0x00007fff6b998000 	/System/Library/Frameworks/OpenGL.framework/Versions/A/Libraries/libCoreFSCache.dylib
0x00007fff21628000 	/System/Library/PrivateFrameworks/LanguageModeling.framework/Versions/A/LanguageModeling
0x00007fff29a48000 	/System/Library/PrivateFrameworks/CoreEmoji.framework/Versions/A/CoreEmoji
0x00007fff291c5000 	/System/Library/PrivateFrameworks/LinguisticData.framework/Versions/A/LinguisticData
0x00007fff20f20000 	/System/Library/PrivateFrameworks/Lexicon.framework/Versions/A/Lexicon
0x00007fff2a7ad000 	/usr/lib/libcmph.dylib
0x00007fff27272000 	/System/Library/Frameworks/OpenDirectory.framework/Versions/A/Frameworks/CFOpenDirectory.framework/Versions/A/CFOpenDirectory
0x00007fff27262000 	/System/Library/Frameworks/OpenDirectory.framework/Versions/A/OpenDirectory
0x00007fff2ad23000 	/System/Library/PrivateFrameworks/APFS.framework/Versions/A/APFS
0x00007fff29d6e000 	/System/Library/Frameworks/SecurityFoundation.framework/Versions/A/SecurityFoundation
0x00007fff2ae2e000 	/usr/lib/libutil.dylib
0x00007fff22c1e000 	/System/Library/PrivateFrameworks/CoreServicesStore.framework/Versions/A/CoreServicesStore
0x00007fff29e04000 	/System/Library/Frameworks/ServiceManagement.framework/Versions/A/ServiceManagement
0x00007fff2ae32000 	/usr/lib/libxslt.1.dylib
0x00007fff29dfa000 	/System/Library/PrivateFrameworks/BackgroundTaskManagement.framework/Versions/A/BackgroundTaskManagement
0x00007fff2bde8000 	/System/Library/Frameworks/ImageIO.framework/Versions/A/Resources/libRadiance.dylib
0x00007fff2bdf2000 	/System/Library/Frameworks/ImageIO.framework/Versions/A/Resources/libJPEG.dylib
0x00007fff2bd40000 	/System/Library/Frameworks/ImageIO.framework/Versions/A/Resources/libPng.dylib
0x00007fff2bd61000 	/System/Library/Frameworks/ImageIO.framework/Versions/A/Resources/libTIFF.dylib
0x00007fff2be47000 	/System/Library/Frameworks/ImageIO.framework/Versions/A/Resources/libGIF.dylib
0x00007fff2ba92000 	/System/Library/Frameworks/ImageIO.framework/Versions/A/Resources/libJP2.dylib
0x00007fff2b1ad000 	/usr/lib/libexpat.1.dylib
0x00007fff2ba48000 	/System/Library/PrivateFrameworks/AppleJPEG.framework/Versions/A/AppleJPEG
0x00007fff28653000 	/System/Library/PrivateFrameworks/FontServices.framework/libFontParser.dylib
0x00007fff26326000 	/System/Library/PrivateFrameworks/RunningBoardServices.framework/Versions/A/RunningBoardServices
0x00007fff2bb72000 	/System/Library/PrivateFrameworks/WatchdogClient.framework/Versions/A/WatchdogClient
0x00007fff21711000 	/System/Library/Frameworks/CoreDisplay.framework/Versions/A/CoreDisplay
0x00007fff28568000 	/System/Library/Frameworks/CoreMedia.framework/Versions/A/CoreMedia
0x00007fff273f2000 	/System/Library/Frameworks/CoreVideo.framework/Versions/A/CoreVideo
0x00007fff2bbad000 	/System/Library/Frameworks/VideoToolbox.framework/Versions/A/VideoToolbox
0x00007fff262a6000 	/System/Library/PrivateFrameworks/BaseBoard.framework/Versions/A/BaseBoard
0x00007fff2b2f2000 	/System/Library/PrivateFrameworks/PersistentConnection.framework/Versions/A/PersistentConnection
0x00007fff26047000 	/System/Library/PrivateFrameworks/ProtocolBuffer.framework/Versions/A/ProtocolBuffer
0x00007fff2628e000 	/System/Library/PrivateFrameworks/CommonUtilities.framework/Versions/A/CommonUtilities
0x00007fff2ba0b000 	/System/Library/PrivateFrameworks/Bom.framework/Versions/A/Bom
0x00007fff2bde0000 	/System/Library/PrivateFrameworks/GPUWrangler.framework/Versions/A/GPUWrangler
0x00007fff2bdc3000 	/System/Library/PrivateFrameworks/IOPresentment.framework/Versions/A/IOPresentment
0x00007fff2bdec000 	/System/Library/PrivateFrameworks/DSExternalDisplay.framework/Versions/A/DSExternalDisplay
0x00007fff2be4c000 	/System/Library/PrivateFrameworks/CMCaptureCore.framework/Versions/A/CMCaptureCore
0x00007fff2b78e000 	/System/Library/PrivateFrameworks/AppServerSupport.framework/Versions/A/AppServerSupport
0x00007fff2d827000 	/System/Library/PrivateFrameworks/perfdata.framework/Versions/A/perfdata
0x00007fff29d5d000 	/System/Library/PrivateFrameworks/AssertionServices.framework/Versions/A/AssertionServices
0x00007fff21848000 	/System/Library/PrivateFrameworks/AudioToolboxCore.framework/Versions/A/AudioToolboxCore
0x00007fff2854b000 	/System/Library/PrivateFrameworks/caulk.framework/Versions/A/caulk
0x00007fff3ccde000 	/System/Library/PrivateFrameworks/SystemPolicy.framework/Versions/A/SystemPolicy
0x00007fff2afbc000 	/usr/lib/libIOReport.dylib
0x00007fff2d063000 	/usr/lib/libSMC.dylib
0x00007fff2bd0c000 	/usr/lib/libAudioToolboxUtility.dylib
0x00007fff3d63b000 	/usr/lib/libmis.dylib
0x00007fff6b9f4000 	/System/Library/Frameworks/OpenGL.framework/Versions/A/Libraries/libGLU.dylib
0x00007fff6b9b7000 	/System/Library/Frameworks/OpenGL.framework/Versions/A/Libraries/libGFXShared.dylib
0x00007fff6bbc5000 	/System/Library/Frameworks/OpenGL.framework/Versions/A/Libraries/libGL.dylib
0x00007fff6b9c0000 	/System/Library/Frameworks/OpenGL.framework/Versions/A/Libraries/libGLImage.dylib
0x00007fff6b9b4000 	/System/Library/Frameworks/OpenGL.framework/Versions/A/Libraries/libCVMSPluginSupport.dylib
0x00007fff6b99f000 	/System/Library/Frameworks/OpenGL.framework/Versions/A/Libraries/libCoreVMClient.dylib
0x00007fff6d00f000 	/System/Library/Frameworks/OpenCL.framework/Versions/A/OpenCL
0x00007fff2b31b000 	/System/Library/PrivateFrameworks/GraphVisualizer.framework/Versions/A/GraphVisualizer
0x00007fff2b32a000 	/System/Library/PrivateFrameworks/FaceCore.framework/Versions/A/FaceCore
0x00007fff2b746000 	/System/Library/PrivateFrameworks/OTSVG.framework/Versions/A/OTSVG
0x00007fff26fe7000 	/System/Library/Frameworks/ApplicationServices.framework/Versions/A/Frameworks/ATS.framework/Versions/A/Resources/libFontRegistry.dylib
0x00007fff2b795000 	/System/Library/PrivateFrameworks/FontServices.framework/libhvf.dylib
0x00007fff2b159000 	/System/Library/PrivateFrameworks/AppleVA.framework/Versions/A/AppleVA
0x00007fff2ceab000 	/System/Library/Frameworks/ApplicationServices.framework/Versions/A/Frameworks/ATS.framework/Versions/A/ATS
0x00007fff2d1be000 	/System/Library/Frameworks/ApplicationServices.framework/Versions/A/Frameworks/ColorSyncLegacy.framework/Versions/A/ColorSyncLegacy
0x00007fff25825000 	/System/Library/Frameworks/ApplicationServices.framework/Versions/A/Frameworks/HIServices.framework/Versions/A/HIServices
0x00007fff2d1a3000 	/System/Library/Frameworks/ApplicationServices.framework/Versions/A/Frameworks/LangAnalysis.framework/Versions/A/LangAnalysis
0x00007fff2be56000 	/System/Library/Frameworks/ApplicationServices.framework/Versions/A/Frameworks/PrintCore.framework/Versions/A/PrintCore
0x00007fff2d1c6000 	/System/Library/Frameworks/ApplicationServices.framework/Versions/A/Frameworks/QD.framework/Versions/A/QD
0x00007fff2ce9b000 	/System/Library/Frameworks/ApplicationServices.framework/Versions/A/Frameworks/SpeechSynthesis.framework/Versions/A/SpeechSynthesis
0x00007fff2be17000 	/System/Library/Frameworks/ApplicationServices.framework/Versions/A/Frameworks/ATSUI.framework/Versions/A/ATSUI
0x00007fff2d143000 	/usr/lib/libcups.2.dylib
0x00007fff2d1b3000 	/System/Library/PrivateFrameworks/NetAuth.framework/Versions/A/NetAuth
0x00007fff2d842000 	/System/Library/Frameworks/Kerberos.framework/Versions/A/Kerberos
0x00007fff2d852000 	/System/Library/Frameworks/GSS.framework/Versions/A/GSS
0x00007fff2cf18000 	/usr/lib/libresolv.9.dylib
0x00007fff2b7ab000 	/System/Library/PrivateFrameworks/Heimdal.framework/Versions/A/Heimdal
0x00007fff33515000 	/System/Library/Frameworks/Kerberos.framework/Versions/A/Libraries/libHeimdalProxy.dylib
0x00007fff263f3000 	/System/Library/Frameworks/Network.framework/Versions/A/Network
0x00007fff2b1c7000 	/usr/lib/libheimdal-asn1.dylib
0x00007fff2d8a3000 	/System/Library/PrivateFrameworks/CommonAuth.framework/Versions/A/CommonAuth
0x00007fff27440000 	/System/Library/PrivateFrameworks/login.framework/Versions/A/Frameworks/loginsupport.framework/Versions/A/loginsupport
0x00007fff2ce22000 	/System/Library/PrivateFrameworks/AudioSession.framework/Versions/A/AudioSession
0x00007fff2ce88000 	/usr/lib/libAudioStatistics.dylib
0x00007fff2b253000 	/System/Library/PrivateFrameworks/MediaExperience.framework/Versions/A/MediaExperience
0x00007fff2ccbb000 	/System/Library/PrivateFrameworks/AudioSession.framework/libSessionUtility.dylib
0x00007fff2d833000 	/usr/lib/libperfcheck.dylib
0x00007fff2d1d2000 	/System/Library/PrivateFrameworks/AudioResourceArbitration.framework/Versions/A/AudioResourceArbitration
0x00007fff2b1d1000 	/System/Library/PrivateFrameworks/IconFoundation.framework/Versions/A/IconFoundation
0x00007fff2fcd6000 	/System/Library/PrivateFrameworks/SpeechRecognitionCore.framework/Versions/A/SpeechRecognitionCore
0x0000000107800000 	/Library/Java/JavaVirtualMachines/jdk-20.jdk/Contents/Home/lib/server/libjvm.dylib
0x00000001036af000 	/Library/Java/JavaVirtualMachines/jdk-20.jdk/Contents/Home/lib/libjimage.dylib
0x0000000103709000 	/Library/Java/JavaVirtualMachines/jdk-20.jdk/Contents/Home/lib/libjava.dylib
0x00000001037db000 	/Library/Java/JavaVirtualMachines/jdk-20.jdk/Contents/Home/lib/libnio.dylib
0x000000010b77e000 	/Library/Java/JavaVirtualMachines/jdk-20.jdk/Contents/Home/lib/libnet.dylib
0x000000010b792000 	/Library/Java/JavaVirtualMachines/jdk-20.jdk/Contents/Home/lib/libzip.dylib
0x000000010b7a6000 	/Library/Java/JavaVirtualMachines/jdk-20.jdk/Contents/Home/lib/libawt.dylib
0x000000010b866000 	/Library/Java/JavaVirtualMachines/jdk-20.jdk/Contents/Home/lib/libmlib_image.dylib
0x00007fff6e958000 	/System/Library/Frameworks/JavaRuntimeSupport.framework/Versions/A/JavaRuntimeSupport
0x00007fff3ca28000 	/System/Library/Frameworks/Carbon.framework/Versions/A/Carbon
0x00007fff31b47000 	/System/Library/PrivateFrameworks/CoreSymbolication.framework/Versions/A/CoreSymbolication
0x00007fff364c4000 	/System/Library/Frameworks/Carbon.framework/Versions/A/Frameworks/CommonPanels.framework/Versions/A/CommonPanels
0x00007fff32f9e000 	/System/Library/Frameworks/Carbon.framework/Versions/A/Frameworks/Help.framework/Versions/A/Help
0x00007fff364c8000 	/System/Library/Frameworks/Carbon.framework/Versions/A/Frameworks/ImageCapture.framework/Versions/A/ImageCapture
0x00007fff36498000 	/System/Library/Frameworks/Carbon.framework/Versions/A/Frameworks/OpenScripting.framework/Versions/A/OpenScripting
0x00007fff364c0000 	/System/Library/Frameworks/Carbon.framework/Versions/A/Frameworks/Ink.framework/Versions/A/Ink
0x00007fff3ca24000 	/System/Library/Frameworks/Carbon.framework/Versions/A/Frameworks/Print.framework/Versions/A/Print
0x00007fff364bc000 	/System/Library/Frameworks/Carbon.framework/Versions/A/Frameworks/SecurityHI.framework/Versions/A/SecurityHI
0x00007fff31b0b000 	/System/Library/PrivateFrameworks/DebugSymbols.framework/Versions/A/DebugSymbols
0x000000010b902000 	/Library/Java/JavaVirtualMachines/jdk-20.jdk/Contents/Home/lib/libawt_lwawt.dylib
0x000000010ba32000 	/Library/Java/JavaVirtualMachines/jdk-20.jdk/Contents/Home/lib/libosxapp.dylib
0x00007fff3c03f000 	/System/Library/Frameworks/ExceptionHandling.framework/Versions/A/ExceptionHandling
0x000000010ba5a000 	/Library/Java/JavaVirtualMachines/jdk-20.jdk/Contents/Home/lib/libfontmanager.dylib
0x000000010bc22000 	/Library/Java/JavaVirtualMachines/jdk-20.jdk/Contents/Home/lib/libfreetype.dylib
0x00007fff22bdf000 	/System/Library/PrivateFrameworks/CoreServicesInternal.framework/Versions/A/CoreServicesInternal
0x00007fff3105d000 	/System/Library/Frameworks/FileProvider.framework/Versions/A/FileProvider
0x00007fff26211000 	/System/Library/Frameworks/Accounts.framework/Versions/A/Accounts
0x00007fff311ad000 	/System/Library/PrivateFrameworks/GenerationalStorage.framework/Versions/A/GenerationalStorage
0x00007fff30a7d000 	/System/Library/PrivateFrameworks/SymptomDiagnosticReporter.framework/Versions/A/SymptomDiagnosticReporter
0x00007fff23d10000 	/System/Library/PrivateFrameworks/DesktopServicesPriv.framework/Versions/A/DesktopServicesPriv
0x00007fff22d14000 	/usr/lib/libsandbox.1.dylib
0x00007fff2746b000 	/System/Library/PrivateFrameworks/UserManagement.framework/Versions/A/UserManagement
0x00007fff29d3a000 	/System/Library/PrivateFrameworks/MobileKeyBag.framework/Versions/A/MobileKeyBag
0x00007fff34598000 	/System/Library/PrivateFrameworks/ChunkingLibrary.framework/Versions/A/ChunkingLibrary
0x00007fff2e266000 	/System/Library/PrivateFrameworks/Sharing.framework/Versions/A/Sharing
0x00007fff32b0b000 	/System/Library/PrivateFrameworks/Apple80211.framework/Versions/A/Apple80211
0x00007fff2a3e7000 	/System/Library/PrivateFrameworks/AuthKit.framework/Versions/A/AuthKit
0x00007fff29b38000 	/System/Library/PrivateFrameworks/CoreUtils.framework/Versions/A/CoreUtils
0x00007fff29a65000 	/System/Library/Frameworks/CoreWLAN.framework/Versions/A/CoreWLAN
0x00007fff2e3b2000 	/System/Library/Frameworks/IOBluetooth.framework/Versions/A/IOBluetooth
0x00007fff32b6f000 	/System/Library/PrivateFrameworks/CoreWiFi.framework/Versions/A/CoreWiFi
0x00007fff2d929000 	/System/Library/PrivateFrameworks/CorePhoneNumbers.framework/Versions/A/CorePhoneNumbers
0x00007fff30b84000 	/System/Library/PrivateFrameworks/DiskManagement.framework/Versions/A/DiskManagement
0x00007fff30a9a000 	/System/Library/PrivateFrameworks/AppleIDAuthSupport.framework/Versions/A/AppleIDAuthSupport
0x00007fff2d909000 	/System/Library/PrivateFrameworks/KeychainCircle.framework/Versions/A/KeychainCircle
0x00007fff30b50000 	/System/Library/PrivateFrameworks/MediaKit.framework/Versions/A/MediaKit
0x00007fff30aa7000 	/System/Library/Frameworks/DiscRecording.framework/Versions/A/DiscRecording
0x00007fff2b0cd000 	/usr/lib/libCoreStorage.dylib
0x00007fff32faa000 	/usr/lib/libcsfde.dylib
0x00007fff2e4ed000 	/System/Library/PrivateFrameworks/ProtectedCloudStorage.framework/Versions/A/ProtectedCloudStorage
0x00007fff32fa2000 	/System/Library/PrivateFrameworks/EFILogin.framework/Versions/A/EFILogin
0x00007fff335c8000 	/System/Library/Frameworks/AudioUnit.framework/Versions/A/AudioUnit
0x00007fff30a17000 	/System/Library/Frameworks/CoreBluetooth.framework/Versions/A/CoreBluetooth
0x00007fff2b0c5000 	/usr/lib/libMatch.1.dylib
0x00007fff438ab000 	/System/Library/CoreServices/RawCamera.bundle/Contents/MacOS/RawCamera
0x00007fff2d8b4000 	/System/Library/PrivateFrameworks/MobileAsset.framework/Versions/A/MobileAsset
0x00007fff335ec000 	/System/Library/PrivateFrameworks/StreamingZip.framework/Versions/A/StreamingZip
0x00007fff2c04e000 	/System/Library/Frameworks/MediaToolbox.framework/Versions/A/MediaToolbox
0x00007fff3102f000 	/System/Library/PrivateFrameworks/CoreAVCHD.framework/Versions/A/CoreAVCHD
0x00007fff30216000 	/System/Library/Frameworks/MediaAccessibility.framework/Versions/A/MediaAccessibility
0x00007fff3102b000 	/System/Library/PrivateFrameworks/Mangrove.framework/Versions/A/Mangrove
0x00007fff30222000 	/System/Library/PrivateFrameworks/AlgosScoreFramework.framework/Versions/A/AlgosScoreFramework
0x00007fff31a19000 	/System/Library/PrivateFrameworks/AppleVPA.framework/Versions/A/AppleVPA
0x00007fff30c70000 	/System/Library/PrivateFrameworks/CoreAUC.framework/Versions/A/CoreAUC
0x00007fff412fe000 	/System/Library/Frameworks/Accelerate.framework/Versions/A/Frameworks/vImage.framework/Versions/A/Libraries/libCGInterfaces.dylib
0x000000010d4c4000 	/usr/lib/libobjc-trampolines.dylib
0x00007fff2716a000 	/System/Library/PrivateFrameworks/ViewBridge.framework/Versions/A/ViewBridge
0x00007fff61bff000 	/System/Library/Extensions/AppleIntelHD5000GraphicsMTLDriver.bundle/Contents/MacOS/AppleIntelHD5000GraphicsMTLDriver
0x00007fff3d64e000 	/System/Library/PrivateFrameworks/GPURawCounter.framework/Versions/A/GPURawCounter
0x00007fff6954d000 	/System/Library/PrivateFrameworks/GPUCompiler.framework/Versions/31001/Libraries/libmetal_timestamp.dylib
0x000000010d51a000 	/Library/Java/JavaVirtualMachines/jdk-20.jdk/Contents/Home/lib/libosxui.dylib
0x00000001376ed000 	/Library/Java/JavaVirtualMachines/jdk-20.jdk/Contents/Home/lib/libjavajpeg.dylib
0x00007fff2b86c000 	/System/Library/PrivateFrameworks/login.framework/Versions/A/login
0x00007fff775fa000 	/usr/lib/libRosetta.dylib


VM Arguments:
jvm_args: -Dfile.encoding=UTF-8 --module-path=/Users/lorenzogallizioli/Documents/git/Group_12/bin -XX:+ShowCodeDetailsInExceptionMessages -Djdk.module.main=MyShelfie 
java_command: MyShelfie/Game.Main
java_class_path (initial): /Users/lorenzogallizioli/Documents/git/Group_12/jgoodies-forms-1.8.0.jar:/Users/lorenzogallizioli/Documents/git/Group_12/miglayout15-swing.jar
Launcher Type: SUN_STANDARD

[Global flags]
     intx CICompilerCount                          = 4                                         {product} {ergonomic}
     uint ConcGCThreads                            = 2                                         {product} {ergonomic}
     uint G1ConcRefinementThreads                  = 8                                         {product} {ergonomic}
   size_t G1HeapRegionSize                         = 1048576                                   {product} {ergonomic}
    uintx GCDrainStackTargetSize                   = 64                                        {product} {ergonomic}
   size_t InitialHeapSize                          = 134217728                                 {product} {ergonomic}
   size_t MarkStackSize                            = 4194304                                   {product} {ergonomic}
   size_t MaxHeapSize                              = 2147483648                                {product} {ergonomic}
   size_t MaxNewSize                               = 1287651328                                {product} {ergonomic}
   size_t MinHeapDeltaBytes                        = 1048576                                   {product} {ergonomic}
   size_t MinHeapSize                              = 8388608                                   {product} {ergonomic}
    uintx NonNMethodCodeHeapSize                   = 5839372                                {pd product} {ergonomic}
    uintx NonProfiledCodeHeapSize                  = 122909434                              {pd product} {ergonomic}
    uintx ProfiledCodeHeapSize                     = 122909434                              {pd product} {ergonomic}
    uintx ReservedCodeCacheSize                    = 251658240                              {pd product} {ergonomic}
     bool SegmentedCodeCache                       = true                                      {product} {ergonomic}
     bool ShowCodeDetailsInExceptionMessages       = true                                   {manageable} {command line}
   size_t SoftMaxHeapSize                          = 2147483648                             {manageable} {ergonomic}
     bool UseCompressedClassPointers               = true                           {product lp64_product} {ergonomic}
     bool UseCompressedOops                        = true                           {product lp64_product} {ergonomic}
     bool UseG1GC                                  = true                                      {product} {ergonomic}
     bool UseNUMA                                  = false                                     {product} {ergonomic}
     bool UseNUMAInterleaving                      = false                                     {product} {ergonomic}

Logging:
Log output configuration:
 #0: stdout all=warning uptime,level,tags foldmultilines=false
 #1: stderr all=off uptime,level,tags foldmultilines=false

Environment Variables:
PATH=/usr/bin:/bin:/usr/sbin:/sbin
SHELL=/bin/zsh
TMPDIR=/var/folders/mx/tk78l3j15qs75j1xbfxd3l2h0000gp/T/

Active Locale:
LC_ALL=C
LC_COLLATE=C
LC_CTYPE=C
LC_MESSAGES=C
LC_MONETARY=C
LC_NUMERIC=C
LC_TIME=C

Signal Handlers:
   SIGSEGV: _ZL13crash_handleriP9__siginfoPv in libjvm.dylib, mask=11100110000111110111111111111111, flags=SA_ONSTACK|SA_RESTART|SA_SIGINFO, unblocked
    SIGBUS: _ZL13crash_handleriP9__siginfoPv in libjvm.dylib, mask=11100110000111110111111111111111, flags=SA_RESTART|SA_SIGINFO, unblocked
    SIGFPE: _ZL13crash_handleriP9__siginfoPv in libjvm.dylib, mask=11100110000111110111111111111111, flags=SA_RESTART|SA_SIGINFO, unblocked
   SIGPIPE: _ZL17javaSignalHandleriP9__siginfoPv in libjvm.dylib, mask=11100110000111110111111111111111, flags=SA_RESTART|SA_SIGINFO, blocked
   SIGXFSZ: _ZL17javaSignalHandleriP9__siginfoPv in libjvm.dylib, mask=11100110000111110111111111111111, flags=SA_RESTART|SA_SIGINFO, blocked
    SIGILL: _ZL13crash_handleriP9__siginfoPv in libjvm.dylib, mask=11100110000111110111111111111111, flags=SA_RESTART|SA_SIGINFO, unblocked
   SIGUSR2: _ZL10SR_handleriP9__siginfoPv in libjvm.dylib, mask=00100000000000000000000000000000, flags=SA_RESTART|SA_SIGINFO, blocked
    SIGHUP: _ZL11UserHandleriP9__siginfoPv in libjvm.dylib, mask=11100110000111110111111111111111, flags=SA_RESTART|SA_SIGINFO, blocked
    SIGINT: _ZL11UserHandleriP9__siginfoPv in libjvm.dylib, mask=11100110000111110111111111111111, flags=SA_RESTART|SA_SIGINFO, blocked
   SIGTERM: _ZL11UserHandleriP9__siginfoPv in libjvm.dylib, mask=11100110000111110111111111111111, flags=SA_RESTART|SA_SIGINFO, blocked
   SIGQUIT: _ZL11UserHandleriP9__siginfoPv in libjvm.dylib, mask=11100110000111110111111111111111, flags=SA_RESTART|SA_SIGINFO, blocked
   SIGTRAP: _ZL13crash_handleriP9__siginfoPv in libjvm.dylib, mask=11100110000111110111111111111111, flags=SA_RESTART|SA_SIGINFO, unblocked


---------------  S Y S T E M  ---------------

OS:
uname: Darwin 20.6.0 Darwin Kernel Version 20.6.0: Thu Mar  9 20:39:26 PST 2023; root:xnu-7195.141.49.700.6~1/RELEASE_X86_64 x86_64
OS uptime: 1 days 19:34 hours
rlimit (soft/hard): STACK 8192k/65532k , CORE 0k/infinity , NPROC 1392/2088 , NOFILE 10240/infinity , AS infinity/infinity , CPU infinity/infinity , DATA infinity/infinity , FSIZE infinity/infinity , MEMLOCK infinity/infinity , RSS infinity/infinity
load average: 3.93 3.16 2.58

CPU: total 8 (initial active 8) (4 cores per cpu, 2 threads per core) family 6 model 70 stepping 1 microcode 0x1c, cx8, cmov, fxsr, ht, mmx, sse, sse2, sse3, ssse3, sse4.1, sse4.2, popcnt, lzcnt, tsc, tscinvbit, avx, avx2, aes, erms, clmul, bmi1, bmi2, fma, vzeroupper, clflush, rdtscp, f16c

Memory: 4k page, physical 8388608k(384080k free), swap 3145728k(1139456k free)

vm_info: Java HotSpot(TM) 64-Bit Server VM (20+36-2344) for bsd-amd64 JRE (20+36-2344), built on 2023-02-10T19:30:15Z by "mach5one" with clang Apple LLVM 12.0.0 (clang-1200.0.32.29)

END.
